<?xml version="1.0" encoding="UTF-8"?>
<coverage generated="1680357798761" clover="3.2.0">
  <project timestamp="1680357798761" name="All files">
    <metrics statements="514" coveredstatements="512" conditionals="167" coveredconditionals="166" methods="45" coveredmethods="45" elements="726" coveredelements="723" complexity="0" loc="514" ncloc="514" packages="2" files="6" classes="6"/>
    <package name="formatters">
      <metrics statements="237" coveredstatements="237" conditionals="88" coveredconditionals="88" methods="24" coveredmethods="24"/>
      <file name="index.js" path="D:\Users\Papa\frontend-project-46\formatters\index.js">
        <metrics statements="27" coveredstatements="27" conditionals="8" coveredconditionals="8" methods="4" coveredmethods="4"/>
        <line num="1" count="1" type="stmt"/>
        <line num="2" count="1" type="stmt"/>
        <line num="3" count="1" type="stmt"/>
        <line num="4" count="1" type="stmt"/>
        <line num="5" count="1" type="stmt"/>
        <line num="6" count="1" type="stmt"/>
        <line num="7" count="1" type="stmt"/>
        <line num="8" count="1" type="stmt"/>
        <line num="9" count="1" type="cond" truecount="1" falsecount="0"/>
        <line num="10" count="1" type="cond" truecount="1" falsecount="0"/>
        <line num="11" count="1" type="cond" truecount="1" falsecount="0"/>
        <line num="12" count="1" type="stmt"/>
        <line num="13" count="1" type="stmt"/>
        <line num="14" count="13" type="cond" truecount="1" falsecount="0"/>
        <line num="15" count="13" type="stmt"/>
        <line num="16" count="13" type="cond" truecount="1" falsecount="0"/>
        <line num="17" count="3" type="stmt"/>
        <line num="18" count="13" type="cond" truecount="1" falsecount="0"/>
        <line num="19" count="4" type="stmt"/>
        <line num="20" count="13" type="cond" truecount="1" falsecount="0"/>
        <line num="21" count="5" type="stmt"/>
        <line num="22" count="13" type="cond" truecount="1" falsecount="0"/>
        <line num="23" count="1" type="stmt"/>
        <line num="24" count="13" type="stmt"/>
        <line num="25" count="13" type="stmt"/>
        <line num="26" count="1" type="stmt"/>
        <line num="27" count="1" type="stmt"/>
      </file>
      <file name="json.js" path="D:\Users\Papa\frontend-project-46\formatters\json.js">
        <metrics statements="20" coveredstatements="20" conditionals="2" coveredconditionals="2" methods="2" coveredmethods="2"/>
        <line num="1" count="1" type="stmt"/>
        <line num="2" count="1" type="stmt"/>
        <line num="3" count="1" type="stmt"/>
        <line num="4" count="1" type="stmt"/>
        <line num="5" count="1" type="stmt"/>
        <line num="6" count="1" type="stmt"/>
        <line num="7" count="1" type="cond" truecount="1" falsecount="0"/>
        <line num="8" count="1" type="stmt"/>
        <line num="9" count="1" type="stmt"/>
        <line num="10" count="1" type="stmt"/>
        <line num="11" count="1" type="stmt"/>
        <line num="12" count="1" type="stmt"/>
        <line num="13" count="1" type="stmt"/>
        <line num="14" count="1" type="cond" truecount="1" falsecount="0"/>
        <line num="15" count="5" type="stmt"/>
        <line num="16" count="5" type="stmt"/>
        <line num="17" count="5" type="stmt"/>
        <line num="18" count="5" type="stmt"/>
        <line num="19" count="5" type="stmt"/>
        <line num="20" count="5" type="stmt"/>
      </file>
      <file name="plain.js" path="D:\Users\Papa\frontend-project-46\formatters\plain.js">
        <metrics statements="105" coveredstatements="105" conditionals="49" coveredconditionals="49" methods="10" coveredmethods="10"/>
        <line num="1" count="1" type="stmt"/>
        <line num="2" count="1" type="stmt"/>
        <line num="3" count="1" type="stmt"/>
        <line num="4" count="1" type="stmt"/>
        <line num="5" count="1" type="stmt"/>
        <line num="6" count="1" type="stmt"/>
        <line num="7" count="1" type="stmt"/>
        <line num="8" count="1" type="stmt"/>
        <line num="9" count="1" type="stmt"/>
        <line num="10" count="1" type="stmt"/>
        <line num="11" count="1" type="stmt"/>
        <line num="12" count="1" type="cond" truecount="2" falsecount="0"/>
        <line num="13" count="1" type="stmt"/>
        <line num="14" count="1" type="cond" truecount="1" falsecount="0"/>
        <line num="15" count="46" type="stmt"/>
        <line num="16" count="46" type="cond" truecount="1" falsecount="0"/>
        <line num="17" count="16" type="stmt"/>
        <line num="18" count="16" type="cond" truecount="1" falsecount="0"/>
        <line num="19" count="46" type="cond" truecount="2" falsecount="0"/>
        <line num="20" count="46" type="stmt"/>
        <line num="21" count="1" type="stmt"/>
        <line num="22" count="1" type="cond" truecount="1" falsecount="0"/>
        <line num="23" count="104" type="cond" truecount="1" falsecount="0"/>
        <line num="24" count="16" type="stmt"/>
        <line num="25" count="16" type="cond" truecount="1" falsecount="0"/>
        <line num="26" count="104" type="cond" truecount="1" falsecount="0"/>
        <line num="27" count="11" type="stmt"/>
        <line num="28" count="11" type="cond" truecount="1" falsecount="0"/>
        <line num="29" count="104" type="cond" truecount="2" falsecount="0"/>
        <line num="30" count="104" type="stmt"/>
        <line num="31" count="1" type="stmt"/>
        <line num="32" count="1" type="cond" truecount="1" falsecount="0"/>
        <line num="33" count="1" type="stmt"/>
        <line num="34" count="1" type="cond" truecount="1" falsecount="0"/>
        <line num="35" count="338" type="cond" truecount="2" falsecount="0"/>
        <line num="36" count="338" type="stmt"/>
        <line num="37" count="338" type="stmt"/>
        <line num="38" count="1" type="stmt"/>
        <line num="39" count="1" type="cond" truecount="3" falsecount="0"/>
        <line num="40" count="1" type="stmt"/>
        <line num="41" count="1" type="cond" truecount="1" falsecount="0"/>
        <line num="42" count="234" type="cond" truecount="1" falsecount="0"/>
        <line num="43" count="234" type="cond" truecount="1" falsecount="0"/>
        <line num="44" count="234" type="cond" truecount="1" falsecount="0"/>
        <line num="45" count="130" type="stmt"/>
        <line num="46" count="130" type="cond" truecount="1" falsecount="0"/>
        <line num="47" count="104" type="stmt"/>
        <line num="48" count="104" type="stmt"/>
        <line num="49" count="104" type="stmt"/>
        <line num="50" count="1" type="stmt"/>
        <line num="51" count="1" type="cond" truecount="1" falsecount="0"/>
        <line num="52" count="280" type="cond" truecount="1" falsecount="0"/>
        <line num="53" count="46" type="stmt"/>
        <line num="54" count="46" type="cond" truecount="1" falsecount="0"/>
        <line num="55" count="234" type="stmt"/>
        <line num="56" count="234" type="stmt"/>
        <line num="57" count="280" type="cond" truecount="2" falsecount="0"/>
        <line num="58" count="280" type="stmt"/>
        <line num="59" count="280" type="cond" truecount="2" falsecount="0"/>
        <line num="60" count="280" type="stmt"/>
        <line num="61" count="280" type="stmt"/>
        <line num="62" count="280" type="cond" truecount="2" falsecount="0"/>
        <line num="63" count="280" type="stmt"/>
        <line num="64" count="280" type="cond" truecount="2" falsecount="0"/>
        <line num="65" count="46" type="stmt"/>
        <line num="66" count="46" type="cond" truecount="1" falsecount="0"/>
        <line num="67" count="280" type="cond" truecount="1" falsecount="0"/>
        <line num="68" count="71" type="cond" truecount="1" falsecount="0"/>
        <line num="69" count="19" type="stmt"/>
        <line num="70" count="19" type="cond" truecount="1" falsecount="0"/>
        <line num="71" count="52" type="stmt"/>
        <line num="72" count="52" type="stmt"/>
        <line num="73" count="52" type="stmt"/>
        <line num="74" count="52" type="stmt"/>
        <line num="75" count="52" type="stmt"/>
        <line num="76" count="52" type="stmt"/>
        <line num="77" count="52" type="stmt"/>
        <line num="78" count="52" type="cond" truecount="1" falsecount="0"/>
        <line num="79" count="280" type="cond" truecount="2" falsecount="0"/>
        <line num="80" count="38" type="stmt"/>
        <line num="81" count="38" type="stmt"/>
        <line num="82" count="38" type="stmt"/>
        <line num="83" count="38" type="stmt"/>
        <line num="84" count="38" type="stmt"/>
        <line num="85" count="38" type="stmt"/>
        <line num="86" count="38" type="stmt"/>
        <line num="87" count="38" type="stmt"/>
        <line num="88" count="38" type="cond" truecount="1" falsecount="0"/>
        <line num="89" count="79" type="stmt"/>
        <line num="90" count="79" type="stmt"/>
        <line num="91" count="1" type="stmt"/>
        <line num="92" count="1" type="cond" truecount="1" falsecount="0"/>
        <line num="93" count="46" type="stmt"/>
        <line num="94" count="46" type="cond" truecount="2" falsecount="0"/>
        <line num="95" count="46" type="stmt"/>
        <line num="96" count="46" type="stmt"/>
        <line num="97" count="46" type="stmt"/>
        <line num="98" count="1" type="stmt"/>
        <line num="99" count="1" type="cond" truecount="1" falsecount="0"/>
        <line num="100" count="8" type="stmt"/>
        <line num="101" count="8" type="stmt"/>
        <line num="102" count="8" type="stmt"/>
        <line num="103" count="8" type="stmt"/>
        <line num="104" count="8" type="stmt"/>
        <line num="105" count="8" type="stmt"/>
      </file>
      <file name="stylish.js" path="D:\Users\Papa\frontend-project-46\formatters\stylish.js">
        <metrics statements="85" coveredstatements="85" conditionals="29" coveredconditionals="29" methods="8" coveredmethods="8"/>
        <line num="1" count="1" type="stmt"/>
        <line num="2" count="1" type="stmt"/>
        <line num="3" count="1" type="stmt"/>
        <line num="4" count="1" type="stmt"/>
        <line num="5" count="1" type="stmt"/>
        <line num="6" count="1" type="stmt"/>
        <line num="7" count="1" type="stmt"/>
        <line num="8" count="1" type="cond" truecount="1" falsecount="0"/>
        <line num="9" count="1050" type="stmt"/>
        <line num="10" count="1050" type="stmt"/>
        <line num="11" count="1050" type="stmt"/>
        <line num="12" count="1050" type="stmt"/>
        <line num="13" count="1" type="stmt"/>
        <line num="14" count="1" type="stmt"/>
        <line num="15" count="1" type="stmt"/>
        <line num="16" count="1" type="cond" truecount="1" falsecount="0"/>
        <line num="17" count="3484" type="cond" truecount="2" falsecount="0"/>
        <line num="18" count="1004" type="stmt"/>
        <line num="19" count="1004" type="cond" truecount="1" falsecount="0"/>
        <line num="20" count="3484" type="cond" truecount="1" falsecount="0"/>
        <line num="21" count="454" type="stmt"/>
        <line num="22" count="454" type="cond" truecount="1" falsecount="0"/>
        <line num="23" count="3484" type="cond" truecount="2" falsecount="0"/>
        <line num="24" count="454" type="stmt"/>
        <line num="25" count="454" type="cond" truecount="1" falsecount="0"/>
        <line num="26" count="1572" type="stmt"/>
        <line num="27" count="1572" type="stmt"/>
        <line num="28" count="1" type="stmt"/>
        <line num="29" count="1" type="cond" truecount="1" falsecount="0"/>
        <line num="30" count="1004" type="cond" truecount="1" falsecount="0"/>
        <line num="31" count="3239" type="cond" truecount="1" falsecount="0"/>
        <line num="32" count="671" type="cond" truecount="2" falsecount="0"/>
        <line num="33" count="671" type="cond" truecount="2" falsecount="0"/>
        <line num="34" count="671" type="stmt"/>
        <line num="35" count="671" type="cond" truecount="1" falsecount="0"/>
        <line num="36" count="2568" type="stmt"/>
        <line num="37" count="2568" type="stmt"/>
        <line num="38" count="1" type="stmt"/>
        <line num="39" count="1" type="stmt"/>
        <line num="40" count="1" type="stmt"/>
        <line num="41" count="1" type="stmt"/>
        <line num="42" count="1" type="cond" truecount="1" falsecount="0"/>
        <line num="43" count="1004" type="stmt"/>
        <line num="44" count="1004" type="stmt"/>
        <line num="45" count="1004" type="cond" truecount="1" falsecount="0"/>
        <line num="46" count="680" type="stmt"/>
        <line num="47" count="680" type="cond" truecount="1" falsecount="0"/>
        <line num="48" count="324" type="stmt"/>
        <line num="49" count="324" type="stmt"/>
        <line num="50" count="1" type="stmt"/>
        <line num="51" count="1" type="stmt"/>
        <line num="52" count="1" type="cond" truecount="1" falsecount="0"/>
        <line num="53" count="1004" type="stmt"/>
        <line num="54" count="1004" type="stmt"/>
        <line num="55" count="1004" type="stmt"/>
        <line num="56" count="1004" type="cond" truecount="1" falsecount="0"/>
        <line num="57" count="268" type="stmt"/>
        <line num="58" count="268" type="stmt"/>
        <line num="59" count="268" type="stmt"/>
        <line num="60" count="268" type="stmt"/>
        <line num="61" count="268" type="cond" truecount="1" falsecount="0"/>
        <line num="62" count="736" type="stmt"/>
        <line num="63" count="736" type="stmt"/>
        <line num="64" count="1" type="stmt"/>
        <line num="65" count="1" type="cond" truecount="1" falsecount="0"/>
        <line num="66" count="1048" type="cond" truecount="1" falsecount="0"/>
        <line num="67" count="278" type="stmt"/>
        <line num="68" count="278" type="cond" truecount="1" falsecount="0"/>
        <line num="69" count="770" type="stmt"/>
        <line num="70" count="770" type="stmt"/>
        <line num="71" count="770" type="stmt"/>
        <line num="72" count="1" type="stmt"/>
        <line num="73" count="1" type="stmt"/>
        <line num="74" count="1" type="cond" truecount="1" falsecount="0"/>
        <line num="75" count="1" type="stmt"/>
        <line num="76" count="1" type="cond" truecount="1" falsecount="0"/>
        <line num="77" count="10" type="stmt"/>
        <line num="78" count="10" type="stmt"/>
        <line num="79" count="10" type="stmt"/>
        <line num="80" count="10" type="stmt"/>
        <line num="81" count="10" type="stmt"/>
        <line num="82" count="10" type="stmt"/>
        <line num="83" count="10" type="stmt"/>
        <line num="84" count="1" type="stmt"/>
        <line num="85" count="1" type="stmt"/>
      </file>
    </package>
    <package name="src">
      <metrics statements="277" coveredstatements="275" conditionals="79" coveredconditionals="78" methods="21" coveredmethods="21"/>
      <file name="gen-difference.js" path="D:\Users\Papa\frontend-project-46\src\gen-difference.js">
        <metrics statements="216" coveredstatements="216" conditionals="63" coveredconditionals="63" methods="14" coveredmethods="14"/>
        <line num="1" count="1" type="stmt"/>
        <line num="2" count="1" type="stmt"/>
        <line num="3" count="1" type="stmt"/>
        <line num="4" count="1" type="stmt"/>
        <line num="5" count="1" type="stmt"/>
        <line num="6" count="1" type="stmt"/>
        <line num="7" count="1" type="stmt"/>
        <line num="8" count="1" type="stmt"/>
        <line num="9" count="1" type="stmt"/>
        <line num="10" count="1" type="stmt"/>
        <line num="11" count="1" type="cond" truecount="1" falsecount="0"/>
        <line num="12" count="1" type="stmt"/>
        <line num="13" count="1" type="stmt"/>
        <line num="14" count="1" type="stmt"/>
        <line num="15" count="1" type="stmt"/>
        <line num="16" count="1" type="stmt"/>
        <line num="17" count="1" type="stmt"/>
        <line num="18" count="1" type="stmt"/>
        <line num="19" count="1" type="stmt"/>
        <line num="20" count="1" type="stmt"/>
        <line num="21" count="1" type="stmt"/>
        <line num="22" count="1" type="stmt"/>
        <line num="23" count="1" type="stmt"/>
        <line num="24" count="1" type="stmt"/>
        <line num="25" count="1" type="cond" truecount="1" falsecount="0"/>
        <line num="26" count="628" type="cond" truecount="2" falsecount="0"/>
        <line num="27" count="225" type="stmt"/>
        <line num="28" count="225" type="stmt"/>
        <line num="29" count="225" type="stmt"/>
        <line num="30" count="225" type="cond" truecount="1" falsecount="0"/>
        <line num="31" count="403" type="stmt"/>
        <line num="32" count="403" type="stmt"/>
        <line num="33" count="1" type="stmt"/>
        <line num="34" count="1" type="cond" truecount="1" falsecount="0"/>
        <line num="35" count="879" type="cond" truecount="1" falsecount="0"/>
        <line num="36" count="251" type="stmt"/>
        <line num="37" count="251" type="cond" truecount="1" falsecount="0"/>
        <line num="38" count="628" type="stmt"/>
        <line num="39" count="628" type="stmt"/>
        <line num="40" count="628" type="stmt"/>
        <line num="41" count="628" type="stmt"/>
        <line num="42" count="628" type="stmt"/>
        <line num="43" count="628" type="stmt"/>
        <line num="44" count="628" type="stmt"/>
        <line num="45" count="628" type="stmt"/>
        <line num="46" count="628" type="stmt"/>
        <line num="47" count="628" type="stmt"/>
        <line num="48" count="1" type="stmt"/>
        <line num="49" count="1" type="stmt"/>
        <line num="50" count="1" type="cond" truecount="1" falsecount="0"/>
        <line num="51" count="251" type="stmt"/>
        <line num="52" count="251" type="stmt"/>
        <line num="53" count="251" type="stmt"/>
        <line num="54" count="1" type="stmt"/>
        <line num="55" count="1" type="stmt"/>
        <line num="56" count="1" type="cond" truecount="1" falsecount="0"/>
        <line num="57" count="1" type="stmt"/>
        <line num="58" count="1" type="stmt"/>
        <line num="59" count="1" type="cond" truecount="1" falsecount="0"/>
        <line num="60" count="828" type="cond" truecount="2" falsecount="0"/>
        <line num="61" count="128" type="stmt"/>
        <line num="62" count="128" type="cond" truecount="1" falsecount="0"/>
        <line num="63" count="700" type="cond" truecount="1" falsecount="0"/>
        <line num="64" count="700" type="cond" truecount="1" falsecount="0"/>
        <line num="65" count="603" type="stmt"/>
        <line num="66" count="603" type="cond" truecount="1" falsecount="0"/>
        <line num="67" count="700" type="stmt"/>
        <line num="68" count="828" type="cond" truecount="1" falsecount="0"/>
        <line num="69" count="572" type="stmt"/>
        <line num="70" count="572" type="stmt"/>
        <line num="71" count="572" type="cond" truecount="1" falsecount="0"/>
        <line num="72" count="128" type="stmt"/>
        <line num="73" count="128" type="stmt"/>
        <line num="74" count="1" type="stmt"/>
        <line num="75" count="1" type="cond" truecount="1" falsecount="0"/>
        <line num="76" count="97" type="cond" truecount="1" falsecount="0"/>
        <line num="77" count="97" type="cond" truecount="1" falsecount="0"/>
        <line num="78" count="39" type="stmt"/>
        <line num="79" count="39" type="stmt"/>
        <line num="80" count="39" type="stmt"/>
        <line num="81" count="97" type="stmt"/>
        <line num="82" count="97" type="stmt"/>
        <line num="83" count="1" type="stmt"/>
        <line num="84" count="1" type="cond" truecount="1" falsecount="0"/>
        <line num="85" count="521" type="cond" truecount="1" falsecount="0"/>
        <line num="86" count="348" type="stmt"/>
        <line num="87" count="348" type="cond" truecount="1" falsecount="0"/>
        <line num="88" count="173" type="stmt"/>
        <line num="89" count="173" type="stmt"/>
        <line num="90" count="173" type="stmt"/>
        <line num="91" count="173" type="stmt"/>
        <line num="92" count="173" type="stmt"/>
        <line num="93" count="173" type="stmt"/>
        <line num="94" count="521" type="cond" truecount="2" falsecount="0"/>
        <line num="95" count="521" type="stmt"/>
        <line num="96" count="521" type="stmt"/>
        <line num="97" count="1" type="stmt"/>
        <line num="98" count="1" type="stmt"/>
        <line num="99" count="1" type="cond" truecount="1" falsecount="0"/>
        <line num="100" count="174" type="stmt"/>
        <line num="101" count="174" type="stmt"/>
        <line num="102" count="174" type="stmt"/>
        <line num="103" count="174" type="stmt"/>
        <line num="104" count="174" type="stmt"/>
        <line num="105" count="174" type="stmt"/>
        <line num="106" count="174" type="stmt"/>
        <line num="107" count="174" type="stmt"/>
        <line num="108" count="174" type="stmt"/>
        <line num="109" count="174" type="stmt"/>
        <line num="110" count="174" type="stmt"/>
        <line num="111" count="174" type="cond" truecount="1" falsecount="0"/>
        <line num="112" count="115" type="cond" truecount="1" falsecount="0"/>
        <line num="113" count="45" type="stmt"/>
        <line num="114" count="115" type="cond" truecount="1" falsecount="0"/>
        <line num="115" count="70" type="stmt"/>
        <line num="116" count="70" type="stmt"/>
        <line num="117" count="70" type="stmt"/>
        <line num="118" count="174" type="stmt"/>
        <line num="119" count="174" type="stmt"/>
        <line num="120" count="174" type="stmt"/>
        <line num="121" count="1" type="stmt"/>
        <line num="122" count="1" type="cond" truecount="1" falsecount="0"/>
        <line num="123" count="532" type="cond" truecount="1" falsecount="0"/>
        <line num="124" count="174" type="stmt"/>
        <line num="125" count="174" type="cond" truecount="1" falsecount="0"/>
        <line num="126" count="358" type="stmt"/>
        <line num="127" count="532" type="cond" truecount="1" falsecount="0"/>
        <line num="128" count="532" type="cond" truecount="1" falsecount="0"/>
        <line num="129" count="532" type="stmt"/>
        <line num="130" count="532" type="stmt"/>
        <line num="131" count="1" type="stmt"/>
        <line num="132" count="1" type="stmt"/>
        <line num="133" count="1" type="cond" truecount="1" falsecount="0"/>
        <line num="134" count="174" type="stmt"/>
        <line num="135" count="174" type="stmt"/>
        <line num="136" count="174" type="stmt"/>
        <line num="137" count="1" type="stmt"/>
        <line num="138" count="1" type="stmt"/>
        <line num="139" count="1" type="stmt"/>
        <line num="140" count="1" type="cond" truecount="1" falsecount="0"/>
        <line num="141" count="174" type="cond" truecount="1" falsecount="0"/>
        <line num="142" count="174" type="cond" truecount="1" falsecount="0"/>
        <line num="143" count="174" type="cond" truecount="1" falsecount="0"/>
        <line num="144" count="174" type="cond" truecount="1" falsecount="0"/>
        <line num="145" count="174" type="stmt"/>
        <line num="146" count="174" type="cond" truecount="1" falsecount="0"/>
        <line num="147" count="129" type="stmt"/>
        <line num="148" count="129" type="cond" truecount="1" falsecount="0"/>
        <line num="149" count="64" type="stmt"/>
        <line num="150" count="64" type="stmt"/>
        <line num="151" count="64" type="stmt"/>
        <line num="152" count="129" type="cond" truecount="2" falsecount="0"/>
        <line num="153" count="26" type="stmt"/>
        <line num="154" count="26" type="stmt"/>
        <line num="155" count="129" type="stmt"/>
        <line num="156" count="174" type="stmt"/>
        <line num="157" count="174" type="cond" truecount="1" falsecount="0"/>
        <line num="158" count="96" type="stmt"/>
        <line num="159" count="96" type="cond" truecount="1" falsecount="0"/>
        <line num="160" count="32" type="stmt"/>
        <line num="161" count="32" type="stmt"/>
        <line num="162" count="32" type="stmt"/>
        <line num="163" count="32" type="stmt"/>
        <line num="164" count="32" type="stmt"/>
        <line num="165" count="174" type="stmt"/>
        <line num="166" count="174" type="stmt"/>
        <line num="167" count="174" type="cond" truecount="1" falsecount="0"/>
        <line num="168" count="174" type="stmt"/>
        <line num="169" count="174" type="stmt"/>
        <line num="170" count="174" type="stmt"/>
        <line num="171" count="174" type="stmt"/>
        <line num="172" count="174" type="stmt"/>
        <line num="173" count="174" type="stmt"/>
        <line num="174" count="174" type="stmt"/>
        <line num="175" count="174" type="cond" truecount="1" falsecount="0"/>
        <line num="176" count="13" type="stmt"/>
        <line num="177" count="13" type="cond" truecount="1" falsecount="0"/>
        <line num="178" count="174" type="cond" truecount="2" falsecount="0"/>
        <line num="179" count="174" type="stmt"/>
        <line num="180" count="174" type="stmt"/>
        <line num="181" count="174" type="stmt"/>
        <line num="182" count="174" type="stmt"/>
        <line num="183" count="174" type="stmt"/>
        <line num="184" count="174" type="stmt"/>
        <line num="185" count="174" type="stmt"/>
        <line num="186" count="174" type="stmt"/>
        <line num="187" count="174" type="stmt"/>
        <line num="188" count="174" type="stmt"/>
        <line num="189" count="174" type="stmt"/>
        <line num="190" count="174" type="stmt"/>
        <line num="191" count="174" type="stmt"/>
        <line num="192" count="174" type="stmt"/>
        <line num="193" count="174" type="stmt"/>
        <line num="194" count="174" type="stmt"/>
        <line num="195" count="174" type="stmt"/>
        <line num="196" count="174" type="cond" truecount="2" falsecount="0"/>
        <line num="197" count="174" type="stmt"/>
        <line num="198" count="174" type="stmt"/>
        <line num="199" count="174" type="stmt"/>
        <line num="200" count="1" type="stmt"/>
        <line num="201" count="1" type="cond" truecount="1" falsecount="0"/>
        <line num="202" count="16" type="stmt"/>
        <line num="203" count="16" type="stmt"/>
        <line num="204" count="16" type="cond" truecount="1" falsecount="0"/>
        <line num="205" count="15" type="stmt"/>
        <line num="206" count="15" type="stmt"/>
        <line num="207" count="15" type="cond" truecount="2" falsecount="0"/>
        <line num="208" count="13" type="stmt"/>
        <line num="209" count="13" type="stmt"/>
        <line num="210" count="13" type="stmt"/>
        <line num="211" count="13" type="stmt"/>
        <line num="212" count="13" type="cond" truecount="1" falsecount="0"/>
        <line num="213" count="15" type="cond" truecount="2" falsecount="0"/>
        <line num="214" count="15" type="cond" truecount="1" falsecount="0"/>
        <line num="215" count="1" type="stmt"/>
        <line num="216" count="1" type="stmt"/>
      </file>
      <file name="parser.js" path="D:\Users\Papa\frontend-project-46\src\parser.js">
        <metrics statements="61" coveredstatements="59" conditionals="16" coveredconditionals="15" methods="7" coveredmethods="7"/>
        <line num="1" count="1" type="stmt"/>
        <line num="2" count="1" type="stmt"/>
        <line num="3" count="1" type="stmt"/>
        <line num="4" count="1" type="stmt"/>
        <line num="5" count="1" type="stmt"/>
        <line num="6" count="1" type="stmt"/>
        <line num="7" count="1" type="stmt"/>
        <line num="8" count="1" type="stmt"/>
        <line num="9" count="1" type="stmt"/>
        <line num="10" count="1" type="stmt"/>
        <line num="11" count="1" type="cond" truecount="1" falsecount="0"/>
        <line num="12" count="1" type="cond" truecount="1" falsecount="0"/>
        <line num="13" count="1" type="stmt"/>
        <line num="14" count="1" type="cond" truecount="1" falsecount="0"/>
        <line num="15" count="30" type="cond" truecount="1" falsecount="0"/>
        <line num="16" count="27" type="stmt"/>
        <line num="17" count="27" type="cond" truecount="1" falsecount="0"/>
        <line num="18" count="3" type="stmt"/>
        <line num="19" count="3" type="stmt"/>
        <line num="20" count="1" type="stmt"/>
        <line num="21" count="1" type="cond" truecount="1" falsecount="0"/>
        <line num="22" count="28" type="stmt"/>
        <line num="23" count="28" type="cond" truecount="1" falsecount="0"/>
        <line num="24" count="1" type="stmt"/>
        <line num="25" count="1" type="stmt"/>
        <line num="26" count="1" type="stmt"/>
        <line num="27" count="1" type="stmt"/>
        <line num="28" count="1" type="cond" truecount="0" falsecount="1"/>
        <line num="29" count="0" type="stmt"/>
        <line num="30" count="0" type="cond" truecount="1" falsecount="0"/>
        <line num="31" count="27" type="stmt"/>
        <line num="32" count="27" type="stmt"/>
        <line num="33" count="1" type="stmt"/>
        <line num="34" count="1" type="stmt"/>
        <line num="35" count="1" type="cond" truecount="1" falsecount="0"/>
        <line num="36" count="1" type="cond" truecount="1" falsecount="0"/>
        <line num="37" count="1" type="stmt"/>
        <line num="38" count="1" type="stmt"/>
        <line num="39" count="1" type="cond" truecount="1" falsecount="0"/>
        <line num="40" count="30" type="cond" truecount="1" falsecount="0"/>
        <line num="41" count="28" type="stmt"/>
        <line num="42" count="28" type="cond" truecount="1" falsecount="0"/>
        <line num="43" count="27" type="stmt"/>
        <line num="44" count="27" type="stmt"/>
        <line num="45" count="27" type="stmt"/>
        <line num="46" count="27" type="stmt"/>
        <line num="47" count="27" type="stmt"/>
        <line num="48" count="27" type="stmt"/>
        <line num="49" count="27" type="cond" truecount="1" falsecount="0"/>
        <line num="50" count="1" type="stmt"/>
        <line num="51" count="1" type="stmt"/>
        <line num="52" count="1" type="stmt"/>
        <line num="53" count="1" type="stmt"/>
        <line num="54" count="1" type="cond" truecount="1" falsecount="0"/>
        <line num="55" count="2" type="stmt"/>
        <line num="56" count="2" type="stmt"/>
        <line num="57" count="2" type="stmt"/>
        <line num="58" count="2" type="stmt"/>
        <line num="59" count="2" type="stmt"/>
        <line num="60" count="1" type="stmt"/>
        <line num="61" count="1" type="stmt"/>
      </file>
    </package>
  </project>
</coverage>
