{"D:\\Users\\Papa\\frontend-project-46\\formatters\\index.js": {"path":"D:\\Users\\Papa\\frontend-project-46\\formatters\\index.js","all":false,"statementMap":{"0":{"start":{"line":1,"column":0},"end":{"line":1,"column":11}},"1":{"start":{"line":2,"column":0},"end":{"line":2,"column":19}},"2":{"start":{"line":3,"column":0},"end":{"line":3,"column":0}},"3":{"start":{"line":4,"column":0},"end":{"line":4,"column":31}},"4":{"start":{"line":5,"column":0},"end":{"line":5,"column":35}},"5":{"start":{"line":6,"column":0},"end":{"line":6,"column":29}},"6":{"start":{"line":7,"column":0},"end":{"line":7,"column":0}},"7":{"start":{"line":8,"column":0},"end":{"line":8,"column":19}},"8":{"start":{"line":9,"column":0},"end":{"line":9,"column":31}},"9":{"start":{"line":10,"column":0},"end":{"line":10,"column":35}},"10":{"start":{"line":11,"column":0},"end":{"line":11,"column":67}},"11":{"start":{"line":12,"column":0},"end":{"line":12,"column":2}},"12":{"start":{"line":13,"column":0},"end":{"line":13,"column":0}},"13":{"start":{"line":14,"column":0},"end":{"line":14,"column":56}},"14":{"start":{"line":15,"column":0},"end":{"line":15,"column":17}},"15":{"start":{"line":16,"column":0},"end":{"line":16,"column":18}},"16":{"start":{"line":17,"column":0},"end":{"line":17,"column":17}},"17":{"start":{"line":18,"column":0},"end":{"line":18,"column":34}},"18":{"start":{"line":19,"column":0},"end":{"line":19,"column":12}},"19":{"start":{"line":20,"column":0},"end":{"line":20,"column":19}},"20":{"start":{"line":21,"column":0},"end":{"line":21,"column":36}},"21":{"start":{"line":22,"column":0},"end":{"line":22,"column":12}},"22":{"start":{"line":23,"column":0},"end":{"line":23,"column":16}},"23":{"start":{"line":24,"column":0},"end":{"line":24,"column":47}},"24":{"start":{"line":25,"column":0},"end":{"line":25,"column":12}},"25":{"start":{"line":26,"column":0},"end":{"line":26,"column":12}},"26":{"start":{"line":27,"column":0},"end":{"line":27,"column":34}},"27":{"start":{"line":28,"column":0},"end":{"line":28,"column":12}},"28":{"start":{"line":29,"column":0},"end":{"line":29,"column":3}},"29":{"start":{"line":30,"column":0},"end":{"line":30,"column":13}},"30":{"start":{"line":31,"column":0},"end":{"line":31,"column":1}},"31":{"start":{"line":32,"column":0},"end":{"line":32,"column":0}},"32":{"start":{"line":33,"column":0},"end":{"line":33,"column":22}}},"s":{"0":1,"1":1,"2":1,"3":1,"4":1,"5":1,"6":1,"7":1,"8":1,"9":1,"10":1,"11":1,"12":1,"13":12,"14":12,"15":12,"16":12,"17":2,"18":2,"19":12,"20":4,"21":4,"22":12,"23":5,"24":5,"25":12,"26":1,"27":1,"28":12,"29":12,"30":12,"31":1,"32":1},"branchMap":{"0":{"type":"branch","line":9,"loc":{"start":{"line":9,"column":10},"end":{"line":9,"column":30}},"locations":[{"start":{"line":9,"column":10},"end":{"line":9,"column":30}}]},"1":{"type":"branch","line":10,"loc":{"start":{"line":10,"column":12},"end":{"line":10,"column":34}},"locations":[{"start":{"line":10,"column":12},"end":{"line":10,"column":34}}]},"2":{"type":"branch","line":11,"loc":{"start":{"line":11,"column":8},"end":{"line":11,"column":67}},"locations":[{"start":{"line":11,"column":8},"end":{"line":11,"column":67}}]},"3":{"type":"branch","line":14,"loc":{"start":{"line":14,"column":0},"end":{"line":31,"column":1}},"locations":[{"start":{"line":14,"column":0},"end":{"line":31,"column":1}}]},"4":{"type":"branch","line":17,"loc":{"start":{"line":17,"column":4},"end":{"line":19,"column":12}},"locations":[{"start":{"line":17,"column":4},"end":{"line":19,"column":12}}]},"5":{"type":"branch","line":20,"loc":{"start":{"line":20,"column":4},"end":{"line":22,"column":12}},"locations":[{"start":{"line":20,"column":4},"end":{"line":22,"column":12}}]},"6":{"type":"branch","line":23,"loc":{"start":{"line":23,"column":4},"end":{"line":25,"column":12}},"locations":[{"start":{"line":23,"column":4},"end":{"line":25,"column":12}}]},"7":{"type":"branch","line":26,"loc":{"start":{"line":26,"column":4},"end":{"line":28,"column":12}},"locations":[{"start":{"line":26,"column":4},"end":{"line":28,"column":12}}]}},"b":{"0":[3],"1":[4],"2":[5],"3":[12],"4":[2],"5":[4],"6":[5],"7":[1]},"fnMap":{"0":{"name":"plain","decl":{"start":{"line":9,"column":10},"end":{"line":9,"column":30}},"loc":{"start":{"line":9,"column":10},"end":{"line":9,"column":30}},"line":9},"1":{"name":"stylish","decl":{"start":{"line":10,"column":12},"end":{"line":10,"column":34}},"loc":{"start":{"line":10,"column":12},"end":{"line":10,"column":34}},"line":10},"2":{"name":"json","decl":{"start":{"line":11,"column":8},"end":{"line":11,"column":67}},"loc":{"start":{"line":11,"column":8},"end":{"line":11,"column":67}},"line":11},"3":{"name":"format","decl":{"start":{"line":14,"column":0},"end":{"line":31,"column":1}},"loc":{"start":{"line":14,"column":0},"end":{"line":31,"column":1}},"line":14}},"f":{"0":3,"1":4,"2":5,"3":12}}
,"D:\\Users\\Papa\\frontend-project-46\\formatters\\json.js": {"path":"D:\\Users\\Papa\\frontend-project-46\\formatters\\json.js","all":false,"statementMap":{"0":{"start":{"line":1,"column":0},"end":{"line":1,"column":10}},"1":{"start":{"line":2,"column":0},"end":{"line":2,"column":53}},"2":{"start":{"line":3,"column":0},"end":{"line":3,"column":52}},"3":{"start":{"line":4,"column":0},"end":{"line":4,"column":23}},"4":{"start":{"line":5,"column":0},"end":{"line":5,"column":47}},"5":{"start":{"line":6,"column":0},"end":{"line":6,"column":0}},"6":{"start":{"line":7,"column":0},"end":{"line":7,"column":66}},"7":{"start":{"line":8,"column":0},"end":{"line":8,"column":39}},"8":{"start":{"line":9,"column":0},"end":{"line":9,"column":16}},"9":{"start":{"line":10,"column":0},"end":{"line":10,"column":37}},"10":{"start":{"line":11,"column":0},"end":{"line":11,"column":38}},"11":{"start":{"line":12,"column":0},"end":{"line":12,"column":3}},"12":{"start":{"line":13,"column":0},"end":{"line":13,"column":13}},"13":{"start":{"line":14,"column":0},"end":{"line":14,"column":2}},"14":{"start":{"line":15,"column":0},"end":{"line":15,"column":0}},"15":{"start":{"line":16,"column":0},"end":{"line":16,"column":41}},"16":{"start":{"line":17,"column":0},"end":{"line":17,"column":47}},"17":{"start":{"line":18,"column":0},"end":{"line":18,"column":47}},"18":{"start":{"line":19,"column":0},"end":{"line":19,"column":62}},"19":{"start":{"line":20,"column":0},"end":{"line":20,"column":73}},"20":{"start":{"line":21,"column":0},"end":{"line":21,"column":50}},"21":{"start":{"line":22,"column":0},"end":{"line":22,"column":48}},"22":{"start":{"line":23,"column":0},"end":{"line":23,"column":52}},"23":{"start":{"line":24,"column":0},"end":{"line":24,"column":56}},"24":{"start":{"line":25,"column":0},"end":{"line":25,"column":56}},"25":{"start":{"line":26,"column":0},"end":{"line":26,"column":16}},"26":{"start":{"line":27,"column":0},"end":{"line":27,"column":36}},"27":{"start":{"line":28,"column":0},"end":{"line":28,"column":36}},"28":{"start":{"line":29,"column":0},"end":{"line":29,"column":35}},"29":{"start":{"line":30,"column":0},"end":{"line":30,"column":38}},"30":{"start":{"line":31,"column":0},"end":{"line":31,"column":13}},"31":{"start":{"line":32,"column":0},"end":{"line":32,"column":13}},"32":{"start":{"line":33,"column":0},"end":{"line":33,"column":2}}},"s":{"0":1,"1":1,"2":1,"3":1,"4":1,"5":1,"6":1,"7":1,"8":20,"9":20,"10":238,"11":238,"12":20,"13":20,"14":1,"15":1,"16":1,"17":1,"18":1,"19":1,"20":1,"21":5,"22":5,"23":5,"24":5,"25":5,"26":5,"27":5,"28":5,"29":5,"30":5,"31":5,"32":5},"branchMap":{"0":{"type":"branch","line":8,"loc":{"start":{"line":8,"column":16},"end":{"line":14,"column":2}},"locations":[{"start":{"line":8,"column":16},"end":{"line":14,"column":2}}]},"1":{"type":"branch","line":10,"loc":{"start":{"line":10,"column":36},"end":{"line":12,"column":3}},"locations":[{"start":{"line":10,"column":36},"end":{"line":12,"column":3}}]},"2":{"type":"branch","line":21,"loc":{"start":{"line":21,"column":15},"end":{"line":33,"column":2}},"locations":[{"start":{"line":21,"column":15},"end":{"line":33,"column":2}}]}},"b":{"0":[20],"1":[238],"2":[5]},"fnMap":{"0":{"name":"replace","decl":{"start":{"line":8,"column":16},"end":{"line":14,"column":2}},"loc":{"start":{"line":8,"column":16},"end":{"line":14,"column":2}},"line":8},"1":{"name":"default","decl":{"start":{"line":21,"column":15},"end":{"line":33,"column":2}},"loc":{"start":{"line":21,"column":15},"end":{"line":33,"column":2}},"line":21}},"f":{"0":20,"1":5}}
,"D:\\Users\\Papa\\frontend-project-46\\formatters\\plain.js": {"path":"D:\\Users\\Papa\\frontend-project-46\\formatters\\plain.js","all":false,"statementMap":{"0":{"start":{"line":1,"column":0},"end":{"line":1,"column":11}},"1":{"start":{"line":2,"column":0},"end":{"line":2,"column":48}},"2":{"start":{"line":3,"column":0},"end":{"line":3,"column":35}},"3":{"start":{"line":4,"column":0},"end":{"line":4,"column":23}},"4":{"start":{"line":5,"column":0},"end":{"line":5,"column":74}},"5":{"start":{"line":6,"column":0},"end":{"line":6,"column":0}},"6":{"start":{"line":7,"column":0},"end":{"line":7,"column":37}},"7":{"start":{"line":8,"column":0},"end":{"line":8,"column":40}},"8":{"start":{"line":9,"column":0},"end":{"line":9,"column":24}},"9":{"start":{"line":10,"column":0},"end":{"line":10,"column":30}},"10":{"start":{"line":11,"column":0},"end":{"line":11,"column":0}},"11":{"start":{"line":12,"column":0},"end":{"line":12,"column":29}},"12":{"start":{"line":13,"column":0},"end":{"line":13,"column":37}},"13":{"start":{"line":14,"column":0},"end":{"line":14,"column":32}},"14":{"start":{"line":15,"column":0},"end":{"line":15,"column":25}},"15":{"start":{"line":16,"column":0},"end":{"line":16,"column":10}},"16":{"start":{"line":17,"column":0},"end":{"line":17,"column":66}},"17":{"start":{"line":18,"column":0},"end":{"line":18,"column":3}},"18":{"start":{"line":19,"column":0},"end":{"line":19,"column":13}},"19":{"start":{"line":20,"column":0},"end":{"line":20,"column":2}},"20":{"start":{"line":21,"column":0},"end":{"line":21,"column":0}},"21":{"start":{"line":22,"column":0},"end":{"line":22,"column":86}},"22":{"start":{"line":23,"column":0},"end":{"line":23,"column":0}},"23":{"start":{"line":24,"column":0},"end":{"line":24,"column":27}},"24":{"start":{"line":25,"column":0},"end":{"line":25,"column":27}},"25":{"start":{"line":26,"column":0},"end":{"line":26,"column":16}},"26":{"start":{"line":27,"column":0},"end":{"line":27,"column":3}},"27":{"start":{"line":28,"column":0},"end":{"line":28,"column":59}},"28":{"start":{"line":29,"column":0},"end":{"line":29,"column":2}},"29":{"start":{"line":30,"column":0},"end":{"line":30,"column":0}},"30":{"start":{"line":31,"column":0},"end":{"line":31,"column":40}},"31":{"start":{"line":32,"column":0},"end":{"line":32,"column":33}},"32":{"start":{"line":33,"column":0},"end":{"line":33,"column":33}},"33":{"start":{"line":34,"column":0},"end":{"line":34,"column":25}},"34":{"start":{"line":35,"column":0},"end":{"line":35,"column":10}},"35":{"start":{"line":36,"column":0},"end":{"line":36,"column":26}},"36":{"start":{"line":37,"column":0},"end":{"line":37,"column":3}},"37":{"start":{"line":38,"column":0},"end":{"line":38,"column":16}},"38":{"start":{"line":39,"column":0},"end":{"line":39,"column":24}},"39":{"start":{"line":40,"column":0},"end":{"line":40,"column":13}},"40":{"start":{"line":41,"column":0},"end":{"line":41,"column":2}},"41":{"start":{"line":42,"column":0},"end":{"line":42,"column":0}},"42":{"start":{"line":43,"column":0},"end":{"line":43,"column":27}},"43":{"start":{"line":44,"column":0},"end":{"line":44,"column":69}},"44":{"start":{"line":45,"column":0},"end":{"line":45,"column":49}},"45":{"start":{"line":46,"column":0},"end":{"line":46,"column":2}},"46":{"start":{"line":47,"column":0},"end":{"line":47,"column":0}},"47":{"start":{"line":48,"column":0},"end":{"line":48,"column":58}},"48":{"start":{"line":49,"column":0},"end":{"line":49,"column":22}},"49":{"start":{"line":50,"column":0},"end":{"line":50,"column":65}},"50":{"start":{"line":51,"column":0},"end":{"line":51,"column":39}},"51":{"start":{"line":52,"column":0},"end":{"line":52,"column":34}},"52":{"start":{"line":53,"column":0},"end":{"line":53,"column":5}},"53":{"start":{"line":54,"column":0},"end":{"line":54,"column":3}},"54":{"start":{"line":55,"column":0},"end":{"line":55,"column":26}},"55":{"start":{"line":56,"column":0},"end":{"line":56,"column":51}},"56":{"start":{"line":57,"column":0},"end":{"line":57,"column":41}},"57":{"start":{"line":58,"column":0},"end":{"line":58,"column":36}},"58":{"start":{"line":59,"column":0},"end":{"line":59,"column":7}},"59":{"start":{"line":60,"column":0},"end":{"line":60,"column":5}},"60":{"start":{"line":61,"column":0},"end":{"line":61,"column":3}},"61":{"start":{"line":62,"column":0},"end":{"line":62,"column":53}},"62":{"start":{"line":63,"column":0},"end":{"line":63,"column":2}},"63":{"start":{"line":64,"column":0},"end":{"line":64,"column":0}},"64":{"start":{"line":65,"column":0},"end":{"line":65,"column":48}},"65":{"start":{"line":66,"column":0},"end":{"line":66,"column":45}},"66":{"start":{"line":67,"column":0},"end":{"line":67,"column":21}},"67":{"start":{"line":68,"column":0},"end":{"line":68,"column":16}},"68":{"start":{"line":69,"column":0},"end":{"line":69,"column":71}},"69":{"start":{"line":70,"column":0},"end":{"line":70,"column":33}},"70":{"start":{"line":71,"column":0},"end":{"line":71,"column":3}},"71":{"start":{"line":72,"column":0},"end":{"line":72,"column":15}},"72":{"start":{"line":73,"column":0},"end":{"line":73,"column":25}},"73":{"start":{"line":74,"column":0},"end":{"line":74,"column":39}},"74":{"start":{"line":75,"column":0},"end":{"line":75,"column":34}},"75":{"start":{"line":76,"column":0},"end":{"line":76,"column":68}},"76":{"start":{"line":77,"column":0},"end":{"line":77,"column":34}},"77":{"start":{"line":78,"column":0},"end":{"line":78,"column":32}},"78":{"start":{"line":79,"column":0},"end":{"line":79,"column":43}},"79":{"start":{"line":80,"column":0},"end":{"line":80,"column":5}},"80":{"start":{"line":81,"column":0},"end":{"line":81,"column":36}},"81":{"start":{"line":82,"column":0},"end":{"line":82,"column":35}},"82":{"start":{"line":83,"column":0},"end":{"line":83,"column":74}},"83":{"start":{"line":84,"column":0},"end":{"line":84,"column":31}},"84":{"start":{"line":85,"column":0},"end":{"line":85,"column":43}},"85":{"start":{"line":86,"column":0},"end":{"line":86,"column":37}},"86":{"start":{"line":87,"column":0},"end":{"line":87,"column":35}},"87":{"start":{"line":88,"column":0},"end":{"line":88,"column":5}},"88":{"start":{"line":89,"column":0},"end":{"line":89,"column":16}},"89":{"start":{"line":90,"column":0},"end":{"line":90,"column":37}},"90":{"start":{"line":91,"column":0},"end":{"line":91,"column":27}},"91":{"start":{"line":92,"column":0},"end":{"line":92,"column":14}},"92":{"start":{"line":93,"column":0},"end":{"line":93,"column":53}},"93":{"start":{"line":94,"column":0},"end":{"line":94,"column":7}},"94":{"start":{"line":95,"column":0},"end":{"line":95,"column":35}},"95":{"start":{"line":96,"column":0},"end":{"line":96,"column":5}},"96":{"start":{"line":97,"column":0},"end":{"line":97,"column":58}},"97":{"start":{"line":98,"column":0},"end":{"line":98,"column":50}},"98":{"start":{"line":99,"column":0},"end":{"line":99,"column":5}},"99":{"start":{"line":100,"column":0},"end":{"line":100,"column":5}},"100":{"start":{"line":101,"column":0},"end":{"line":101,"column":13}},"101":{"start":{"line":102,"column":0},"end":{"line":102,"column":2}},"102":{"start":{"line":103,"column":0},"end":{"line":103,"column":0}},"103":{"start":{"line":104,"column":0},"end":{"line":104,"column":28}},"104":{"start":{"line":105,"column":0},"end":{"line":105,"column":36}},"105":{"start":{"line":106,"column":0},"end":{"line":106,"column":38}},"106":{"start":{"line":107,"column":0},"end":{"line":107,"column":2}}},"s":{"0":1,"1":1,"2":1,"3":1,"4":1,"5":1,"6":1,"7":1,"8":1,"9":1,"10":1,"11":1,"12":32,"13":32,"14":12,"15":32,"16":20,"17":20,"18":32,"19":32,"20":1,"21":1,"22":1,"23":1,"24":58,"25":12,"26":12,"27":58,"28":58,"29":1,"30":1,"31":32,"32":32,"33":6,"34":32,"35":26,"36":26,"37":32,"38":32,"39":32,"40":32,"41":1,"42":1,"43":232,"44":232,"45":232,"46":1,"47":1,"48":156,"49":156,"50":4404,"51":44,"52":44,"53":4404,"54":156,"55":124,"56":1558,"57":32,"58":32,"59":1558,"60":124,"61":156,"62":156,"63":1,"64":1,"65":32,"66":32,"67":32,"68":24,"69":24,"70":24,"71":32,"72":32,"73":156,"74":156,"75":156,"76":156,"77":48,"78":48,"79":48,"80":156,"81":156,"82":156,"83":156,"84":156,"85":32,"86":32,"87":32,"88":156,"89":48,"90":16,"91":48,"92":32,"93":32,"94":48,"95":48,"96":156,"97":24,"98":24,"99":32,"100":32,"101":32,"102":1,"103":1,"104":8,"105":8,"106":8},"branchMap":{"0":{"type":"branch","line":12,"loc":{"start":{"line":12,"column":18},"end":{"line":20,"column":2}},"locations":[{"start":{"line":12,"column":18},"end":{"line":20,"column":2}}]},"1":{"type":"branch","line":14,"loc":{"start":{"line":14,"column":31},"end":{"line":16,"column":3}},"locations":[{"start":{"line":14,"column":31},"end":{"line":16,"column":3}}]},"2":{"type":"branch","line":16,"loc":{"start":{"line":16,"column":3},"end":{"line":18,"column":3}},"locations":[{"start":{"line":16,"column":3},"end":{"line":18,"column":3}}]},"3":{"type":"branch","line":17,"loc":{"start":{"line":17,"column":37},"end":{"line":17,"column":50}},"locations":[{"start":{"line":17,"column":37},"end":{"line":17,"column":50}}]},"4":{"type":"branch","line":17,"loc":{"start":{"line":17,"column":50},"end":{"line":17,"column":65}},"locations":[{"start":{"line":17,"column":50},"end":{"line":17,"column":65}}]},"5":{"type":"branch","line":22,"loc":{"start":{"line":22,"column":24},"end":{"line":22,"column":85}},"locations":[{"start":{"line":22,"column":24},"end":{"line":22,"column":85}}]},"6":{"type":"branch","line":22,"loc":{"start":{"line":22,"column":56},"end":{"line":22,"column":85}},"locations":[{"start":{"line":22,"column":56},"end":{"line":22,"column":85}}]},"7":{"type":"branch","line":24,"loc":{"start":{"line":24,"column":16},"end":{"line":29,"column":2}},"locations":[{"start":{"line":24,"column":16},"end":{"line":29,"column":2}}]},"8":{"type":"branch","line":25,"loc":{"start":{"line":25,"column":26},"end":{"line":27,"column":3}},"locations":[{"start":{"line":25,"column":26},"end":{"line":27,"column":3}}]},"9":{"type":"branch","line":27,"loc":{"start":{"line":27,"column":2},"end":{"line":28,"column":34}},"locations":[{"start":{"line":27,"column":2},"end":{"line":28,"column":34}}]},"10":{"type":"branch","line":28,"loc":{"start":{"line":28,"column":30},"end":{"line":28,"column":43}},"locations":[{"start":{"line":28,"column":30},"end":{"line":28,"column":43}}]},"11":{"type":"branch","line":28,"loc":{"start":{"line":28,"column":43},"end":{"line":28,"column":58}},"locations":[{"start":{"line":28,"column":43},"end":{"line":28,"column":58}}]},"12":{"type":"branch","line":31,"loc":{"start":{"line":31,"column":19},"end":{"line":41,"column":2}},"locations":[{"start":{"line":31,"column":19},"end":{"line":41,"column":2}}]},"13":{"type":"branch","line":33,"loc":{"start":{"line":33,"column":32},"end":{"line":35,"column":3}},"locations":[{"start":{"line":33,"column":32},"end":{"line":35,"column":3}}]},"14":{"type":"branch","line":35,"loc":{"start":{"line":35,"column":3},"end":{"line":37,"column":3}},"locations":[{"start":{"line":35,"column":3},"end":{"line":37,"column":3}}]},"15":{"type":"branch","line":43,"loc":{"start":{"line":43,"column":18},"end":{"line":46,"column":2}},"locations":[{"start":{"line":43,"column":18},"end":{"line":46,"column":2}}]},"16":{"type":"branch","line":44,"loc":{"start":{"line":44,"column":38},"end":{"line":44,"column":55}},"locations":[{"start":{"line":44,"column":38},"end":{"line":44,"column":55}}]},"17":{"type":"branch","line":44,"loc":{"start":{"line":44,"column":55},"end":{"line":44,"column":68}},"locations":[{"start":{"line":44,"column":55},"end":{"line":44,"column":68}}]},"18":{"type":"branch","line":48,"loc":{"start":{"line":48,"column":29},"end":{"line":63,"column":2}},"locations":[{"start":{"line":48,"column":29},"end":{"line":63,"column":2}}]},"19":{"type":"branch","line":50,"loc":{"start":{"line":50,"column":64},"end":{"line":54,"column":3}},"locations":[{"start":{"line":50,"column":64},"end":{"line":54,"column":3}}]},"20":{"type":"branch","line":51,"loc":{"start":{"line":51,"column":38},"end":{"line":53,"column":5}},"locations":[{"start":{"line":51,"column":38},"end":{"line":53,"column":5}}]},"21":{"type":"branch","line":55,"loc":{"start":{"line":55,"column":25},"end":{"line":61,"column":3}},"locations":[{"start":{"line":55,"column":25},"end":{"line":61,"column":3}}]},"22":{"type":"branch","line":56,"loc":{"start":{"line":56,"column":50},"end":{"line":60,"column":5}},"locations":[{"start":{"line":56,"column":50},"end":{"line":60,"column":5}}]},"23":{"type":"branch","line":57,"loc":{"start":{"line":57,"column":40},"end":{"line":59,"column":7}},"locations":[{"start":{"line":57,"column":40},"end":{"line":59,"column":7}}]},"24":{"type":"branch","line":62,"loc":{"start":{"line":62,"column":26},"end":{"line":62,"column":46}},"locations":[{"start":{"line":62,"column":26},"end":{"line":62,"column":46}}]},"25":{"type":"branch","line":62,"loc":{"start":{"line":62,"column":46},"end":{"line":62,"column":52}},"locations":[{"start":{"line":62,"column":46},"end":{"line":62,"column":52}}]},"26":{"type":"branch","line":65,"loc":{"start":{"line":65,"column":22},"end":{"line":102,"column":2}},"locations":[{"start":{"line":65,"column":22},"end":{"line":102,"column":2}}]},"27":{"type":"branch","line":68,"loc":{"start":{"line":68,"column":15},"end":{"line":71,"column":3}},"locations":[{"start":{"line":68,"column":15},"end":{"line":71,"column":3}}]},"28":{"type":"branch","line":69,"loc":{"start":{"line":69,"column":29},"end":{"line":69,"column":71}},"locations":[{"start":{"line":69,"column":29},"end":{"line":69,"column":71}}]},"29":{"type":"branch","line":70,"loc":{"start":{"line":70,"column":-1},"end":{"line":70,"column":32}},"locations":[{"start":{"line":70,"column":-1},"end":{"line":70,"column":32}}]},"30":{"type":"branch","line":73,"loc":{"start":{"line":73,"column":16},"end":{"line":100,"column":3}},"locations":[{"start":{"line":73,"column":16},"end":{"line":100,"column":3}}]},"31":{"type":"branch","line":77,"loc":{"start":{"line":77,"column":33},"end":{"line":80,"column":5}},"locations":[{"start":{"line":77,"column":33},"end":{"line":80,"column":5}}]},"32":{"type":"branch","line":83,"loc":{"start":{"line":83,"column":35},"end":{"line":83,"column":59}},"locations":[{"start":{"line":83,"column":35},"end":{"line":83,"column":59}}]},"33":{"type":"branch","line":83,"loc":{"start":{"line":83,"column":59},"end":{"line":83,"column":73}},"locations":[{"start":{"line":83,"column":59},"end":{"line":83,"column":73}}]},"34":{"type":"branch","line":85,"loc":{"start":{"line":85,"column":12},"end":{"line":85,"column":40}},"locations":[{"start":{"line":85,"column":12},"end":{"line":85,"column":40}}]},"35":{"type":"branch","line":85,"loc":{"start":{"line":85,"column":42},"end":{"line":88,"column":5}},"locations":[{"start":{"line":85,"column":42},"end":{"line":88,"column":5}}]},"36":{"type":"branch","line":89,"loc":{"start":{"line":89,"column":15},"end":{"line":96,"column":5}},"locations":[{"start":{"line":89,"column":15},"end":{"line":96,"column":5}}]},"37":{"type":"branch","line":90,"loc":{"start":{"line":90,"column":36},"end":{"line":92,"column":7}},"locations":[{"start":{"line":90,"column":36},"end":{"line":92,"column":7}}]},"38":{"type":"branch","line":92,"loc":{"start":{"line":92,"column":7},"end":{"line":94,"column":7}},"locations":[{"start":{"line":92,"column":7},"end":{"line":94,"column":7}}]},"39":{"type":"branch","line":97,"loc":{"start":{"line":97,"column":15},"end":{"line":97,"column":23}},"locations":[{"start":{"line":97,"column":15},"end":{"line":97,"column":23}}]},"40":{"type":"branch","line":97,"loc":{"start":{"line":97,"column":24},"end":{"line":97,"column":55}},"locations":[{"start":{"line":97,"column":24},"end":{"line":97,"column":55}}]},"41":{"type":"branch","line":97,"loc":{"start":{"line":97,"column":57},"end":{"line":99,"column":5}},"locations":[{"start":{"line":97,"column":57},"end":{"line":99,"column":5}}]},"42":{"type":"branch","line":104,"loc":{"start":{"line":104,"column":16},"end":{"line":107,"column":2}},"locations":[{"start":{"line":104,"column":16},"end":{"line":107,"column":2}}]}},"b":{"0":[32],"1":[12],"2":[20],"3":[8],"4":[12],"5":[46],"6":[34],"7":[58],"8":[12],"9":[46],"10":[16],"11":[30],"12":[32],"13":[6],"14":[26],"15":[232],"16":[156],"17":[76],"18":[156],"19":[4404],"20":[44],"21":[124],"22":[1558],"23":[32],"24":[48],"25":[108],"26":[32],"27":[24],"28":[12],"29":[12],"30":[156],"31":[48],"32":[120],"33":[36],"34":[64],"35":[32],"36":[48],"37":[16],"38":[32],"39":[108],"40":[44],"41":[24],"42":[8]},"fnMap":{"0":{"name":"setAdded","decl":{"start":{"line":12,"column":18},"end":{"line":20,"column":2}},"loc":{"start":{"line":12,"column":18},"end":{"line":20,"column":2}},"line":12},"1":{"name":"whithoutQuotas","decl":{"start":{"line":22,"column":24},"end":{"line":22,"column":85}},"loc":{"start":{"line":22,"column":24},"end":{"line":22,"column":85}},"line":22},"2":{"name":"getOut","decl":{"start":{"line":24,"column":16},"end":{"line":29,"column":2}},"loc":{"start":{"line":24,"column":16},"end":{"line":29,"column":2}},"line":24},"3":{"name":"setUpdated","decl":{"start":{"line":31,"column":19},"end":{"line":41,"column":2}},"loc":{"start":{"line":31,"column":19},"end":{"line":41,"column":2}},"line":31},"4":{"name":"getValue","decl":{"start":{"line":43,"column":18},"end":{"line":46,"column":2}},"loc":{"start":{"line":43,"column":18},"end":{"line":46,"column":2}},"line":43},"5":{"name":"findAnotherPropValue","decl":{"start":{"line":48,"column":29},"end":{"line":63,"column":2}},"loc":{"start":{"line":48,"column":29},"end":{"line":63,"column":2}},"line":48},"6":{"name":"getPropValues","decl":{"start":{"line":65,"column":22},"end":{"line":102,"column":2}},"loc":{"start":{"line":65,"column":22},"end":{"line":102,"column":2}},"line":65},"7":{"name":"default","decl":{"start":{"line":104,"column":16},"end":{"line":107,"column":2}},"loc":{"start":{"line":104,"column":16},"end":{"line":107,"column":2}},"line":104}},"f":{"0":32,"1":46,"2":58,"3":32,"4":232,"5":156,"6":32,"7":8}}
,"D:\\Users\\Papa\\frontend-project-46\\formatters\\stylish.js": {"path":"D:\\Users\\Papa\\frontend-project-46\\formatters\\stylish.js","all":false,"statementMap":{"0":{"start":{"line":1,"column":0},"end":{"line":1,"column":16}},"1":{"start":{"line":2,"column":0},"end":{"line":2,"column":48}},"2":{"start":{"line":3,"column":0},"end":{"line":3,"column":42}},"3":{"start":{"line":4,"column":0},"end":{"line":4,"column":0}},"4":{"start":{"line":5,"column":0},"end":{"line":5,"column":36}},"5":{"start":{"line":6,"column":0},"end":{"line":6,"column":30}},"6":{"start":{"line":7,"column":0},"end":{"line":7,"column":38}},"7":{"start":{"line":8,"column":0},"end":{"line":8,"column":23}},"8":{"start":{"line":9,"column":0},"end":{"line":9,"column":14}},"9":{"start":{"line":10,"column":0},"end":{"line":10,"column":3}},"10":{"start":{"line":11,"column":0},"end":{"line":11,"column":32}},"11":{"start":{"line":12,"column":0},"end":{"line":12,"column":33}},"12":{"start":{"line":13,"column":0},"end":{"line":13,"column":18}},"13":{"start":{"line":14,"column":0},"end":{"line":14,"column":3}},"14":{"start":{"line":15,"column":0},"end":{"line":15,"column":45}},"15":{"start":{"line":16,"column":0},"end":{"line":16,"column":2}},"16":{"start":{"line":17,"column":0},"end":{"line":17,"column":0}},"17":{"start":{"line":18,"column":0},"end":{"line":18,"column":54}},"18":{"start":{"line":19,"column":0},"end":{"line":19,"column":43}},"19":{"start":{"line":20,"column":0},"end":{"line":20,"column":51}},"20":{"start":{"line":21,"column":0},"end":{"line":21,"column":16}},"21":{"start":{"line":22,"column":0},"end":{"line":22,"column":18}},"22":{"start":{"line":23,"column":0},"end":{"line":23,"column":6}},"23":{"start":{"line":24,"column":0},"end":{"line":24,"column":37}},"24":{"start":{"line":25,"column":0},"end":{"line":25,"column":19}},"25":{"start":{"line":26,"column":0},"end":{"line":26,"column":44}},"26":{"start":{"line":27,"column":0},"end":{"line":27,"column":19}},"27":{"start":{"line":28,"column":0},"end":{"line":28,"column":5}},"28":{"start":{"line":29,"column":0},"end":{"line":29,"column":41}},"29":{"start":{"line":30,"column":0},"end":{"line":30,"column":33}},"30":{"start":{"line":31,"column":0},"end":{"line":31,"column":13}},"31":{"start":{"line":32,"column":0},"end":{"line":32,"column":2}},"32":{"start":{"line":33,"column":0},"end":{"line":33,"column":0}},"33":{"start":{"line":34,"column":0},"end":{"line":34,"column":59}},"34":{"start":{"line":35,"column":0},"end":{"line":35,"column":43}},"35":{"start":{"line":36,"column":0},"end":{"line":36,"column":18}},"36":{"start":{"line":37,"column":0},"end":{"line":37,"column":62}},"37":{"start":{"line":38,"column":0},"end":{"line":38,"column":46}},"38":{"start":{"line":39,"column":0},"end":{"line":39,"column":30}},"39":{"start":{"line":40,"column":0},"end":{"line":40,"column":33}},"40":{"start":{"line":41,"column":0},"end":{"line":41,"column":5}},"41":{"start":{"line":42,"column":0},"end":{"line":42,"column":36}},"42":{"start":{"line":43,"column":0},"end":{"line":43,"column":49}},"43":{"start":{"line":44,"column":0},"end":{"line":44,"column":43}},"44":{"start":{"line":45,"column":0},"end":{"line":45,"column":12}},"45":{"start":{"line":46,"column":0},"end":{"line":46,"column":5}},"46":{"start":{"line":47,"column":0},"end":{"line":47,"column":3}},"47":{"start":{"line":48,"column":0},"end":{"line":48,"column":19}},"48":{"start":{"line":49,"column":0},"end":{"line":49,"column":23}},"49":{"start":{"line":50,"column":0},"end":{"line":50,"column":34}},"50":{"start":{"line":51,"column":0},"end":{"line":51,"column":59}},"51":{"start":{"line":52,"column":0},"end":{"line":52,"column":58}},"52":{"start":{"line":53,"column":0},"end":{"line":53,"column":23}},"53":{"start":{"line":54,"column":0},"end":{"line":54,"column":7}},"54":{"start":{"line":55,"column":0},"end":{"line":55,"column":46}},"55":{"start":{"line":56,"column":0},"end":{"line":56,"column":6}},"56":{"start":{"line":57,"column":0},"end":{"line":57,"column":4}},"57":{"start":{"line":58,"column":0},"end":{"line":58,"column":2}},"58":{"start":{"line":59,"column":0},"end":{"line":59,"column":0}},"59":{"start":{"line":60,"column":0},"end":{"line":60,"column":48}},"60":{"start":{"line":61,"column":0},"end":{"line":61,"column":38}},"61":{"start":{"line":62,"column":0},"end":{"line":62,"column":21}},"62":{"start":{"line":63,"column":0},"end":{"line":63,"column":26}},"63":{"start":{"line":64,"column":0},"end":{"line":64,"column":23}},"64":{"start":{"line":65,"column":0},"end":{"line":65,"column":26}},"65":{"start":{"line":66,"column":0},"end":{"line":66,"column":47}},"66":{"start":{"line":67,"column":0},"end":{"line":67,"column":56}},"67":{"start":{"line":68,"column":0},"end":{"line":68,"column":52}},"68":{"start":{"line":69,"column":0},"end":{"line":69,"column":43}},"69":{"start":{"line":70,"column":0},"end":{"line":70,"column":38}},"70":{"start":{"line":71,"column":0},"end":{"line":71,"column":3}},"71":{"start":{"line":72,"column":0},"end":{"line":72,"column":13}},"72":{"start":{"line":73,"column":0},"end":{"line":73,"column":2}},"73":{"start":{"line":74,"column":0},"end":{"line":74,"column":0}},"74":{"start":{"line":75,"column":0},"end":{"line":75,"column":17}},"75":{"start":{"line":76,"column":0},"end":{"line":76,"column":45}},"76":{"start":{"line":77,"column":0},"end":{"line":77,"column":15}},"77":{"start":{"line":78,"column":0},"end":{"line":78,"column":25}},"78":{"start":{"line":79,"column":0},"end":{"line":79,"column":36}},"79":{"start":{"line":80,"column":0},"end":{"line":80,"column":5}},"80":{"start":{"line":81,"column":0},"end":{"line":81,"column":13}},"81":{"start":{"line":82,"column":0},"end":{"line":82,"column":2}},"82":{"start":{"line":83,"column":0},"end":{"line":83,"column":0}},"83":{"start":{"line":84,"column":0},"end":{"line":84,"column":28}},"84":{"start":{"line":85,"column":0},"end":{"line":85,"column":36}},"85":{"start":{"line":86,"column":0},"end":{"line":86,"column":43}},"86":{"start":{"line":87,"column":0},"end":{"line":87,"column":46}},"87":{"start":{"line":88,"column":0},"end":{"line":88,"column":24}},"88":{"start":{"line":89,"column":0},"end":{"line":89,"column":2}},"89":{"start":{"line":90,"column":0},"end":{"line":90,"column":0}},"90":{"start":{"line":91,"column":0},"end":{"line":91,"column":54}}},"s":{"0":1,"1":1,"2":1,"3":1,"4":1,"5":1,"6":801,"7":801,"8":192,"9":192,"10":609,"11":801,"12":2984,"13":2984,"14":609,"15":609,"16":1,"17":1,"18":1,"19":1,"20":151,"21":151,"22":151,"23":969,"24":256,"25":969,"26":256,"27":256,"28":969,"29":151,"30":151,"31":151,"32":1,"33":1,"34":1,"35":192,"36":192,"37":777,"38":777,"39":585,"40":585,"41":777,"42":151,"43":777,"44":192,"45":192,"46":777,"47":192,"48":192,"49":696,"50":149,"51":149,"52":149,"53":149,"54":547,"55":192,"56":192,"57":192,"58":1,"59":1,"60":1,"61":585,"62":585,"63":585,"64":585,"65":151,"66":151,"67":151,"68":151,"69":151,"70":151,"71":585,"72":585,"73":1,"74":1,"75":1,"76":160,"77":160,"78":429,"79":160,"80":160,"81":160,"82":1,"83":1,"84":9,"85":9,"86":9,"87":9,"88":9,"89":1,"90":1},"branchMap":{"0":{"type":"branch","line":6,"loc":{"start":{"line":6,"column":21},"end":{"line":16,"column":2}},"locations":[{"start":{"line":6,"column":21},"end":{"line":16,"column":2}}]},"1":{"type":"branch","line":8,"loc":{"start":{"line":8,"column":22},"end":{"line":10,"column":3}},"locations":[{"start":{"line":8,"column":22},"end":{"line":10,"column":3}}]},"2":{"type":"branch","line":10,"loc":{"start":{"line":10,"column":2},"end":{"line":12,"column":32}},"locations":[{"start":{"line":10,"column":2},"end":{"line":12,"column":32}}]},"3":{"type":"branch","line":12,"loc":{"start":{"line":12,"column":32},"end":{"line":14,"column":3}},"locations":[{"start":{"line":12,"column":32},"end":{"line":14,"column":3}}]},"4":{"type":"branch","line":14,"loc":{"start":{"line":14,"column":2},"end":{"line":16,"column":2}},"locations":[{"start":{"line":14,"column":2},"end":{"line":16,"column":2}}]},"5":{"type":"branch","line":20,"loc":{"start":{"line":20,"column":32},"end":{"line":32,"column":2}},"locations":[{"start":{"line":20,"column":32},"end":{"line":32,"column":2}}]},"6":{"type":"branch","line":23,"loc":{"start":{"line":23,"column":5},"end":{"line":30,"column":3}},"locations":[{"start":{"line":23,"column":5},"end":{"line":30,"column":3}}]},"7":{"type":"branch","line":24,"loc":{"start":{"line":24,"column":36},"end":{"line":26,"column":5}},"locations":[{"start":{"line":24,"column":36},"end":{"line":26,"column":5}}]},"8":{"type":"branch","line":26,"loc":{"start":{"line":26,"column":5},"end":{"line":28,"column":5}},"locations":[{"start":{"line":26,"column":5},"end":{"line":28,"column":5}}]},"9":{"type":"branch","line":26,"loc":{"start":{"line":26,"column":43},"end":{"line":28,"column":5}},"locations":[{"start":{"line":26,"column":43},"end":{"line":28,"column":5}}]},"10":{"type":"branch","line":30,"loc":{"start":{"line":30,"column":22},"end":{"line":30,"column":31}},"locations":[{"start":{"line":30,"column":22},"end":{"line":30,"column":31}}]},"11":{"type":"branch","line":35,"loc":{"start":{"line":35,"column":25},"end":{"line":58,"column":2}},"locations":[{"start":{"line":35,"column":25},"end":{"line":58,"column":2}}]},"12":{"type":"branch","line":37,"loc":{"start":{"line":37,"column":61},"end":{"line":47,"column":3}},"locations":[{"start":{"line":37,"column":61},"end":{"line":47,"column":3}}]},"13":{"type":"branch","line":39,"loc":{"start":{"line":39,"column":29},"end":{"line":41,"column":5}},"locations":[{"start":{"line":39,"column":29},"end":{"line":41,"column":5}}]},"14":{"type":"branch","line":42,"loc":{"start":{"line":42,"column":35},"end":{"line":44,"column":5}},"locations":[{"start":{"line":42,"column":35},"end":{"line":44,"column":5}}]},"15":{"type":"branch","line":44,"loc":{"start":{"line":44,"column":5},"end":{"line":46,"column":5}},"locations":[{"start":{"line":44,"column":5},"end":{"line":46,"column":5}}]},"16":{"type":"branch","line":44,"loc":{"start":{"line":44,"column":42},"end":{"line":46,"column":5}},"locations":[{"start":{"line":44,"column":42},"end":{"line":46,"column":5}}]},"17":{"type":"branch","line":49,"loc":{"start":{"line":49,"column":4},"end":{"line":56,"column":5}},"locations":[{"start":{"line":49,"column":4},"end":{"line":56,"column":5}}]},"18":{"type":"branch","line":50,"loc":{"start":{"line":50,"column":33},"end":{"line":54,"column":7}},"locations":[{"start":{"line":50,"column":33},"end":{"line":54,"column":7}}]},"19":{"type":"branch","line":51,"loc":{"start":{"line":51,"column":49},"end":{"line":51,"column":54}},"locations":[{"start":{"line":51,"column":49},"end":{"line":51,"column":54}}]},"20":{"type":"branch","line":51,"loc":{"start":{"line":51,"column":54},"end":{"line":51,"column":58}},"locations":[{"start":{"line":51,"column":54},"end":{"line":51,"column":58}}]},"21":{"type":"branch","line":52,"loc":{"start":{"line":52,"column":49},"end":{"line":52,"column":53}},"locations":[{"start":{"line":52,"column":49},"end":{"line":52,"column":53}}]},"22":{"type":"branch","line":52,"loc":{"start":{"line":52,"column":53},"end":{"line":52,"column":57}},"locations":[{"start":{"line":52,"column":53},"end":{"line":52,"column":57}}]},"23":{"type":"branch","line":54,"loc":{"start":{"line":54,"column":6},"end":{"line":56,"column":5}},"locations":[{"start":{"line":54,"column":6},"end":{"line":56,"column":5}}]},"24":{"type":"branch","line":61,"loc":{"start":{"line":61,"column":20},"end":{"line":73,"column":2}},"locations":[{"start":{"line":61,"column":20},"end":{"line":73,"column":2}}]},"25":{"type":"branch","line":65,"loc":{"start":{"line":65,"column":25},"end":{"line":71,"column":3}},"locations":[{"start":{"line":65,"column":25},"end":{"line":71,"column":3}}]},"26":{"type":"branch","line":76,"loc":{"start":{"line":76,"column":26},"end":{"line":82,"column":2}},"locations":[{"start":{"line":76,"column":26},"end":{"line":82,"column":2}}]},"27":{"type":"branch","line":78,"loc":{"start":{"line":78,"column":16},"end":{"line":80,"column":3}},"locations":[{"start":{"line":78,"column":16},"end":{"line":80,"column":3}}]},"28":{"type":"branch","line":84,"loc":{"start":{"line":84,"column":16},"end":{"line":89,"column":2}},"locations":[{"start":{"line":84,"column":16},"end":{"line":89,"column":2}}]}},"b":{"0":[801],"1":[192],"2":[609],"3":[2984],"4":[609],"5":[151],"6":[969],"7":[256],"8":[713],"9":[256],"10":[818],"11":[192],"12":[777],"13":[585],"14":[151],"15":[626],"16":[192],"17":[696],"18":[149],"19":[17],"20":[132],"21":[132],"22":[17],"23":[547],"24":[585],"25":[151],"26":[160],"27":[429],"28":[9]},"fnMap":{"0":{"name":"getPropName","decl":{"start":{"line":6,"column":21},"end":{"line":16,"column":2}},"loc":{"start":{"line":6,"column":21},"end":{"line":16,"column":2}},"line":6},"1":{"name":"skipInternalObjectProps","decl":{"start":{"line":20,"column":32},"end":{"line":32,"column":2}},"loc":{"start":{"line":20,"column":32},"end":{"line":32,"column":2}},"line":20},"2":{"name":"getSortedObjKeys","decl":{"start":{"line":35,"column":25},"end":{"line":58,"column":2}},"loc":{"start":{"line":35,"column":25},"end":{"line":58,"column":2}},"line":35},"3":{"name":"getObjValue","decl":{"start":{"line":61,"column":20},"end":{"line":73,"column":2}},"loc":{"start":{"line":61,"column":20},"end":{"line":73,"column":2}},"line":61},"4":{"name":"getAssemblyObject","decl":{"start":{"line":76,"column":26},"end":{"line":82,"column":2}},"loc":{"start":{"line":76,"column":26},"end":{"line":82,"column":2}},"line":76},"5":{"name":"default","decl":{"start":{"line":84,"column":16},"end":{"line":89,"column":2}},"loc":{"start":{"line":84,"column":16},"end":{"line":89,"column":2}},"line":84}},"f":{"0":801,"1":151,"2":192,"3":585,"4":160,"5":9}}
,"D:\\Users\\Papa\\frontend-project-46\\src\\gen-difference.js": {"path":"D:\\Users\\Papa\\frontend-project-46\\src\\gen-difference.js","all":false,"statementMap":{"0":{"start":{"line":1,"column":0},"end":{"line":1,"column":20}},"1":{"start":{"line":2,"column":0},"end":{"line":2,"column":46}},"2":{"start":{"line":3,"column":0},"end":{"line":3,"column":44}},"3":{"start":{"line":4,"column":0},"end":{"line":4,"column":0}},"4":{"start":{"line":5,"column":0},"end":{"line":5,"column":23}},"5":{"start":{"line":6,"column":0},"end":{"line":6,"column":29}},"6":{"start":{"line":7,"column":0},"end":{"line":7,"column":36}},"7":{"start":{"line":8,"column":0},"end":{"line":8,"column":47}},"8":{"start":{"line":9,"column":0},"end":{"line":9,"column":0}},"9":{"start":{"line":10,"column":0},"end":{"line":10,"column":32}},"10":{"start":{"line":11,"column":0},"end":{"line":11,"column":24}},"11":{"start":{"line":12,"column":0},"end":{"line":12,"column":46}},"12":{"start":{"line":13,"column":0},"end":{"line":13,"column":57}},"13":{"start":{"line":14,"column":0},"end":{"line":14,"column":35}},"14":{"start":{"line":15,"column":0},"end":{"line":15,"column":2}},"15":{"start":{"line":16,"column":0},"end":{"line":16,"column":0}},"16":{"start":{"line":17,"column":0},"end":{"line":17,"column":24}},"17":{"start":{"line":18,"column":0},"end":{"line":18,"column":24}},"18":{"start":{"line":19,"column":0},"end":{"line":19,"column":62}},"19":{"start":{"line":20,"column":0},"end":{"line":20,"column":0}},"20":{"start":{"line":21,"column":0},"end":{"line":21,"column":74}},"21":{"start":{"line":22,"column":0},"end":{"line":22,"column":63}},"22":{"start":{"line":23,"column":0},"end":{"line":23,"column":32}},"23":{"start":{"line":24,"column":0},"end":{"line":24,"column":20}},"24":{"start":{"line":25,"column":0},"end":{"line":25,"column":25}},"25":{"start":{"line":26,"column":0},"end":{"line":26,"column":60}},"26":{"start":{"line":27,"column":0},"end":{"line":27,"column":60}},"27":{"start":{"line":28,"column":0},"end":{"line":28,"column":25}},"28":{"start":{"line":29,"column":0},"end":{"line":29,"column":48}},"29":{"start":{"line":30,"column":0},"end":{"line":30,"column":12}},"30":{"start":{"line":31,"column":0},"end":{"line":31,"column":35}},"31":{"start":{"line":32,"column":0},"end":{"line":32,"column":5}},"32":{"start":{"line":33,"column":0},"end":{"line":33,"column":5}},"33":{"start":{"line":34,"column":0},"end":{"line":34,"column":20}},"34":{"start":{"line":35,"column":0},"end":{"line":35,"column":2}},"35":{"start":{"line":36,"column":0},"end":{"line":36,"column":0}},"36":{"start":{"line":37,"column":0},"end":{"line":37,"column":46}},"37":{"start":{"line":38,"column":0},"end":{"line":38,"column":89}},"38":{"start":{"line":39,"column":0},"end":{"line":39,"column":0}},"39":{"start":{"line":40,"column":0},"end":{"line":40,"column":33}},"40":{"start":{"line":41,"column":0},"end":{"line":41,"column":49}},"41":{"start":{"line":42,"column":0},"end":{"line":42,"column":58}},"42":{"start":{"line":43,"column":0},"end":{"line":43,"column":16}},"43":{"start":{"line":44,"column":0},"end":{"line":44,"column":3}},"44":{"start":{"line":45,"column":0},"end":{"line":45,"column":57}},"45":{"start":{"line":46,"column":0},"end":{"line":46,"column":56}},"46":{"start":{"line":47,"column":0},"end":{"line":47,"column":59}},"47":{"start":{"line":48,"column":0},"end":{"line":48,"column":58}},"48":{"start":{"line":49,"column":0},"end":{"line":49,"column":17}},"49":{"start":{"line":50,"column":0},"end":{"line":50,"column":5}},"50":{"start":{"line":51,"column":0},"end":{"line":51,"column":3}},"51":{"start":{"line":52,"column":0},"end":{"line":52,"column":22}},"52":{"start":{"line":53,"column":0},"end":{"line":53,"column":45}},"53":{"start":{"line":54,"column":0},"end":{"line":54,"column":2}},"54":{"start":{"line":55,"column":0},"end":{"line":55,"column":0}},"55":{"start":{"line":56,"column":0},"end":{"line":56,"column":39}},"56":{"start":{"line":57,"column":0},"end":{"line":57,"column":57}},"57":{"start":{"line":58,"column":0},"end":{"line":58,"column":27}},"58":{"start":{"line":59,"column":0},"end":{"line":59,"column":49}},"59":{"start":{"line":60,"column":0},"end":{"line":60,"column":19}},"60":{"start":{"line":61,"column":0},"end":{"line":61,"column":31}},"61":{"start":{"line":62,"column":0},"end":{"line":62,"column":5}},"62":{"start":{"line":63,"column":0},"end":{"line":63,"column":2}},"63":{"start":{"line":64,"column":0},"end":{"line":64,"column":0}},"64":{"start":{"line":65,"column":0},"end":{"line":65,"column":54}},"65":{"start":{"line":66,"column":0},"end":{"line":66,"column":17}},"66":{"start":{"line":67,"column":0},"end":{"line":67,"column":25}},"67":{"start":{"line":68,"column":0},"end":{"line":68,"column":78}},"68":{"start":{"line":69,"column":0},"end":{"line":69,"column":5}},"69":{"start":{"line":70,"column":0},"end":{"line":70,"column":13}},"70":{"start":{"line":71,"column":0},"end":{"line":71,"column":2}},"71":{"start":{"line":72,"column":0},"end":{"line":72,"column":0}},"72":{"start":{"line":73,"column":0},"end":{"line":73,"column":71}},"73":{"start":{"line":74,"column":0},"end":{"line":74,"column":57}},"74":{"start":{"line":75,"column":0},"end":{"line":75,"column":34}},"75":{"start":{"line":76,"column":0},"end":{"line":76,"column":34}},"76":{"start":{"line":77,"column":0},"end":{"line":77,"column":44}},"77":{"start":{"line":78,"column":0},"end":{"line":78,"column":44}},"78":{"start":{"line":79,"column":0},"end":{"line":79,"column":45}},"79":{"start":{"line":80,"column":0},"end":{"line":80,"column":44}},"80":{"start":{"line":81,"column":0},"end":{"line":81,"column":97}},"81":{"start":{"line":82,"column":0},"end":{"line":82,"column":46}},"82":{"start":{"line":83,"column":0},"end":{"line":83,"column":27}},"83":{"start":{"line":84,"column":0},"end":{"line":84,"column":34}},"84":{"start":{"line":85,"column":0},"end":{"line":85,"column":40}},"85":{"start":{"line":86,"column":0},"end":{"line":86,"column":12}},"86":{"start":{"line":87,"column":0},"end":{"line":87,"column":40}},"87":{"start":{"line":88,"column":0},"end":{"line":88,"column":40}},"88":{"start":{"line":89,"column":0},"end":{"line":89,"column":5}},"89":{"start":{"line":90,"column":0},"end":{"line":90,"column":5}},"90":{"start":{"line":91,"column":0},"end":{"line":91,"column":13}},"91":{"start":{"line":92,"column":0},"end":{"line":92,"column":2}},"92":{"start":{"line":93,"column":0},"end":{"line":93,"column":0}},"93":{"start":{"line":94,"column":0},"end":{"line":94,"column":38}},"94":{"start":{"line":95,"column":0},"end":{"line":95,"column":58}},"95":{"start":{"line":96,"column":0},"end":{"line":96,"column":58}},"96":{"start":{"line":97,"column":0},"end":{"line":97,"column":16}},"97":{"start":{"line":98,"column":0},"end":{"line":98,"column":25}},"98":{"start":{"line":99,"column":0},"end":{"line":99,"column":64}},"99":{"start":{"line":100,"column":0},"end":{"line":100,"column":58}},"100":{"start":{"line":101,"column":0},"end":{"line":101,"column":5}},"101":{"start":{"line":102,"column":0},"end":{"line":102,"column":14}},"102":{"start":{"line":103,"column":0},"end":{"line":103,"column":2}},"103":{"start":{"line":104,"column":0},"end":{"line":104,"column":0}},"104":{"start":{"line":105,"column":0},"end":{"line":105,"column":42}},"105":{"start":{"line":106,"column":0},"end":{"line":106,"column":27}},"106":{"start":{"line":107,"column":0},"end":{"line":107,"column":41}},"107":{"start":{"line":108,"column":0},"end":{"line":108,"column":59}},"108":{"start":{"line":109,"column":0},"end":{"line":109,"column":59}},"109":{"start":{"line":110,"column":0},"end":{"line":110,"column":72}},"110":{"start":{"line":111,"column":0},"end":{"line":111,"column":72}},"111":{"start":{"line":112,"column":0},"end":{"line":112,"column":64}},"112":{"start":{"line":113,"column":0},"end":{"line":113,"column":27}},"113":{"start":{"line":114,"column":0},"end":{"line":114,"column":52}},"114":{"start":{"line":115,"column":0},"end":{"line":115,"column":31}},"115":{"start":{"line":116,"column":0},"end":{"line":116,"column":51}},"116":{"start":{"line":117,"column":0},"end":{"line":117,"column":27}},"117":{"start":{"line":118,"column":0},"end":{"line":118,"column":26}},"118":{"start":{"line":119,"column":0},"end":{"line":119,"column":41}},"119":{"start":{"line":120,"column":0},"end":{"line":120,"column":39}},"120":{"start":{"line":121,"column":0},"end":{"line":121,"column":5}},"121":{"start":{"line":122,"column":0},"end":{"line":122,"column":36}},"122":{"start":{"line":123,"column":0},"end":{"line":123,"column":5}},"123":{"start":{"line":124,"column":0},"end":{"line":124,"column":27}},"124":{"start":{"line":125,"column":0},"end":{"line":125,"column":52}},"125":{"start":{"line":126,"column":0},"end":{"line":126,"column":31}},"126":{"start":{"line":127,"column":0},"end":{"line":127,"column":51}},"127":{"start":{"line":128,"column":0},"end":{"line":128,"column":29}},"128":{"start":{"line":129,"column":0},"end":{"line":129,"column":39}},"129":{"start":{"line":130,"column":0},"end":{"line":130,"column":38}},"130":{"start":{"line":131,"column":0},"end":{"line":131,"column":5}},"131":{"start":{"line":132,"column":0},"end":{"line":132,"column":5}},"132":{"start":{"line":133,"column":0},"end":{"line":133,"column":22}},"133":{"start":{"line":134,"column":0},"end":{"line":134,"column":62}},"134":{"start":{"line":135,"column":0},"end":{"line":135,"column":30}},"135":{"start":{"line":136,"column":0},"end":{"line":136,"column":17}},"136":{"start":{"line":137,"column":0},"end":{"line":137,"column":23}},"137":{"start":{"line":138,"column":0},"end":{"line":138,"column":34}},"138":{"start":{"line":139,"column":0},"end":{"line":139,"column":14}},"139":{"start":{"line":140,"column":0},"end":{"line":140,"column":35}},"140":{"start":{"line":141,"column":0},"end":{"line":141,"column":14}},"141":{"start":{"line":142,"column":0},"end":{"line":142,"column":14}},"142":{"start":{"line":143,"column":0},"end":{"line":143,"column":14}},"143":{"start":{"line":144,"column":0},"end":{"line":144,"column":5}},"144":{"start":{"line":145,"column":0},"end":{"line":145,"column":82}},"145":{"start":{"line":146,"column":0},"end":{"line":146,"column":76}},"146":{"start":{"line":147,"column":0},"end":{"line":147,"column":3}},"147":{"start":{"line":148,"column":0},"end":{"line":148,"column":14}},"148":{"start":{"line":149,"column":0},"end":{"line":149,"column":56}},"149":{"start":{"line":150,"column":0},"end":{"line":150,"column":59}},"150":{"start":{"line":151,"column":0},"end":{"line":151,"column":14}},"151":{"start":{"line":152,"column":0},"end":{"line":152,"column":2}},"152":{"start":{"line":153,"column":0},"end":{"line":153,"column":0}},"153":{"start":{"line":154,"column":0},"end":{"line":154,"column":41}},"154":{"start":{"line":155,"column":0},"end":{"line":155,"column":41}},"155":{"start":{"line":156,"column":0},"end":{"line":156,"column":44}},"156":{"start":{"line":157,"column":0},"end":{"line":157,"column":44}},"157":{"start":{"line":158,"column":0},"end":{"line":158,"column":22}},"158":{"start":{"line":159,"column":0},"end":{"line":159,"column":40}},"159":{"start":{"line":160,"column":0},"end":{"line":160,"column":40}},"160":{"start":{"line":161,"column":0},"end":{"line":161,"column":45}},"161":{"start":{"line":162,"column":0},"end":{"line":162,"column":57}},"162":{"start":{"line":163,"column":0},"end":{"line":163,"column":57}},"163":{"start":{"line":164,"column":0},"end":{"line":164,"column":50}},"164":{"start":{"line":165,"column":0},"end":{"line":165,"column":51}},"165":{"start":{"line":166,"column":0},"end":{"line":166,"column":75}},"166":{"start":{"line":167,"column":0},"end":{"line":167,"column":12}},"167":{"start":{"line":168,"column":0},"end":{"line":168,"column":57}},"168":{"start":{"line":169,"column":0},"end":{"line":169,"column":5}},"169":{"start":{"line":170,"column":0},"end":{"line":170,"column":3}},"170":{"start":{"line":171,"column":0},"end":{"line":171,"column":22}},"171":{"start":{"line":172,"column":0},"end":{"line":172,"column":16}},"172":{"start":{"line":173,"column":0},"end":{"line":173,"column":2}}},"s":{"0":1,"1":1,"2":1,"3":1,"4":1,"5":1,"6":1,"7":1,"8":1,"9":1,"10":1,"11":1,"12":1,"13":1,"14":1,"15":1,"16":1,"17":1,"18":1,"19":1,"20":1,"21":1,"22":144,"23":144,"24":144,"25":348,"26":120,"27":120,"28":120,"29":348,"30":228,"31":228,"32":144,"33":144,"34":144,"35":1,"36":1,"37":1,"38":1,"39":1,"40":1,"41":384,"42":64,"43":64,"44":320,"45":384,"46":264,"47":264,"48":64,"49":64,"50":264,"51":256,"52":256,"53":256,"54":1,"55":1,"56":56,"57":56,"58":24,"59":24,"60":24,"61":56,"62":56,"63":1,"64":1,"65":200,"66":200,"67":100,"68":200,"69":200,"70":200,"71":1,"72":1,"73":1,"74":100,"75":100,"76":100,"77":100,"78":100,"79":100,"80":100,"81":100,"82":100,"83":64,"84":28,"85":64,"86":36,"87":36,"88":36,"89":100,"90":100,"91":100,"92":1,"93":1,"94":1,"95":100,"96":100,"97":100,"98":200,"99":200,"100":100,"101":100,"102":100,"103":1,"104":1,"105":1,"106":1,"107":100,"108":100,"109":100,"110":100,"111":100,"112":100,"113":72,"114":72,"115":32,"116":32,"117":32,"118":72,"119":16,"120":16,"121":72,"122":100,"123":100,"124":48,"125":48,"126":16,"127":16,"128":16,"129":16,"130":16,"131":100,"132":100,"133":100,"134":100,"135":88,"136":88,"137":88,"138":16,"139":88,"140":16,"141":88,"142":56,"143":88,"144":88,"145":88,"146":88,"147":100,"148":100,"149":100,"150":100,"151":100,"152":1,"153":1,"154":15,"155":15,"156":15,"157":15,"158":14,"159":14,"160":14,"161":12,"162":12,"163":12,"164":12,"165":12,"166":14,"167":2,"168":2,"169":14,"170":15,"171":15,"172":15},"branchMap":{"0":{"type":"branch","line":10,"loc":{"start":{"line":10,"column":20},"end":{"line":15,"column":2}},"locations":[{"start":{"line":10,"column":20},"end":{"line":15,"column":2}}]},"1":{"type":"branch","line":13,"loc":{"start":{"line":13,"column":18},"end":{"line":13,"column":55}},"locations":[{"start":{"line":13,"column":18},"end":{"line":13,"column":55}}]},"2":{"type":"branch","line":22,"loc":{"start":{"line":22,"column":16},"end":{"line":35,"column":2}},"locations":[{"start":{"line":22,"column":16},"end":{"line":35,"column":2}}]},"3":{"type":"branch","line":25,"loc":{"start":{"line":25,"column":16},"end":{"line":33,"column":3}},"locations":[{"start":{"line":25,"column":16},"end":{"line":33,"column":3}}]},"4":{"type":"branch","line":26,"loc":{"start":{"line":26,"column":25},"end":{"line":26,"column":57}},"locations":[{"start":{"line":26,"column":25},"end":{"line":26,"column":57}}]},"5":{"type":"branch","line":26,"loc":{"start":{"line":26,"column":59},"end":{"line":30,"column":5}},"locations":[{"start":{"line":26,"column":59},"end":{"line":30,"column":5}}]},"6":{"type":"branch","line":30,"loc":{"start":{"line":30,"column":5},"end":{"line":32,"column":5}},"locations":[{"start":{"line":30,"column":5},"end":{"line":32,"column":5}}]},"7":{"type":"branch","line":38,"loc":{"start":{"line":38,"column":19},"end":{"line":38,"column":88}},"locations":[{"start":{"line":38,"column":19},"end":{"line":38,"column":88}}]},"8":{"type":"branch","line":41,"loc":{"start":{"line":41,"column":19},"end":{"line":54,"column":2}},"locations":[{"start":{"line":41,"column":19},"end":{"line":54,"column":2}}]},"9":{"type":"branch","line":42,"loc":{"start":{"line":42,"column":24},"end":{"line":42,"column":55}},"locations":[{"start":{"line":42,"column":24},"end":{"line":42,"column":55}}]},"10":{"type":"branch","line":42,"loc":{"start":{"line":42,"column":57},"end":{"line":44,"column":3}},"locations":[{"start":{"line":42,"column":57},"end":{"line":44,"column":3}}]},"11":{"type":"branch","line":44,"loc":{"start":{"line":44,"column":2},"end":{"line":46,"column":55}},"locations":[{"start":{"line":44,"column":2},"end":{"line":46,"column":55}}]},"12":{"type":"branch","line":46,"loc":{"start":{"line":46,"column":55},"end":{"line":51,"column":3}},"locations":[{"start":{"line":46,"column":55},"end":{"line":51,"column":3}}]},"13":{"type":"branch","line":48,"loc":{"start":{"line":48,"column":25},"end":{"line":48,"column":55}},"locations":[{"start":{"line":48,"column":25},"end":{"line":48,"column":55}}]},"14":{"type":"branch","line":48,"loc":{"start":{"line":48,"column":57},"end":{"line":50,"column":5}},"locations":[{"start":{"line":48,"column":57},"end":{"line":50,"column":5}}]},"15":{"type":"branch","line":51,"loc":{"start":{"line":51,"column":2},"end":{"line":54,"column":2}},"locations":[{"start":{"line":51,"column":2},"end":{"line":54,"column":2}}]},"16":{"type":"branch","line":45,"loc":{"start":{"line":45,"column":31},"end":{"line":45,"column":55}},"locations":[{"start":{"line":45,"column":31},"end":{"line":45,"column":55}}]},"17":{"type":"branch","line":56,"loc":{"start":{"line":56,"column":23},"end":{"line":63,"column":2}},"locations":[{"start":{"line":56,"column":23},"end":{"line":63,"column":2}}]},"18":{"type":"branch","line":57,"loc":{"start":{"line":57,"column":31},"end":{"line":57,"column":55}},"locations":[{"start":{"line":57,"column":31},"end":{"line":57,"column":55}}]},"19":{"type":"branch","line":58,"loc":{"start":{"line":58,"column":17},"end":{"line":62,"column":3}},"locations":[{"start":{"line":58,"column":17},"end":{"line":62,"column":3}}]},"20":{"type":"branch","line":65,"loc":{"start":{"line":65,"column":19},"end":{"line":71,"column":2}},"locations":[{"start":{"line":65,"column":19},"end":{"line":71,"column":2}}]},"21":{"type":"branch","line":67,"loc":{"start":{"line":67,"column":16},"end":{"line":69,"column":3}},"locations":[{"start":{"line":67,"column":16},"end":{"line":69,"column":3}}]},"22":{"type":"branch","line":68,"loc":{"start":{"line":68,"column":36},"end":{"line":68,"column":47}},"locations":[{"start":{"line":68,"column":36},"end":{"line":68,"column":47}}]},"23":{"type":"branch","line":68,"loc":{"start":{"line":68,"column":47},"end":{"line":68,"column":54}},"locations":[{"start":{"line":68,"column":47},"end":{"line":68,"column":54}}]},"24":{"type":"branch","line":74,"loc":{"start":{"line":74,"column":27},"end":{"line":92,"column":2}},"locations":[{"start":{"line":74,"column":27},"end":{"line":92,"column":2}}]},"25":{"type":"branch","line":83,"loc":{"start":{"line":83,"column":18},"end":{"line":90,"column":3}},"locations":[{"start":{"line":83,"column":18},"end":{"line":90,"column":3}}]},"26":{"type":"branch","line":84,"loc":{"start":{"line":84,"column":33},"end":{"line":86,"column":5}},"locations":[{"start":{"line":84,"column":33},"end":{"line":86,"column":5}}]},"27":{"type":"branch","line":86,"loc":{"start":{"line":86,"column":5},"end":{"line":89,"column":5}},"locations":[{"start":{"line":86,"column":5},"end":{"line":89,"column":5}}]},"28":{"type":"branch","line":95,"loc":{"start":{"line":95,"column":28},"end":{"line":103,"column":2}},"locations":[{"start":{"line":95,"column":28},"end":{"line":103,"column":2}}]},"29":{"type":"branch","line":98,"loc":{"start":{"line":98,"column":15},"end":{"line":101,"column":3}},"locations":[{"start":{"line":98,"column":15},"end":{"line":101,"column":3}}]},"30":{"type":"branch","line":107,"loc":{"start":{"line":107,"column":22},"end":{"line":152,"column":2}},"locations":[{"start":{"line":107,"column":22},"end":{"line":152,"column":2}}]},"31":{"type":"branch","line":135,"loc":{"start":{"line":135,"column":29},"end":{"line":147,"column":3}},"locations":[{"start":{"line":135,"column":29},"end":{"line":147,"column":3}}]},"32":{"type":"branch","line":138,"loc":{"start":{"line":138,"column":6},"end":{"line":139,"column":14}},"locations":[{"start":{"line":138,"column":6},"end":{"line":139,"column":14}}]},"33":{"type":"branch","line":140,"loc":{"start":{"line":140,"column":6},"end":{"line":141,"column":14}},"locations":[{"start":{"line":140,"column":6},"end":{"line":141,"column":14}}]},"34":{"type":"branch","line":142,"loc":{"start":{"line":142,"column":6},"end":{"line":143,"column":14}},"locations":[{"start":{"line":142,"column":6},"end":{"line":143,"column":14}}]},"35":{"type":"branch","line":145,"loc":{"start":{"line":145,"column":47},"end":{"line":145,"column":70}},"locations":[{"start":{"line":145,"column":47},"end":{"line":145,"column":70}}]},"36":{"type":"branch","line":145,"loc":{"start":{"line":145,"column":70},"end":{"line":145,"column":81}},"locations":[{"start":{"line":145,"column":70},"end":{"line":145,"column":81}}]},"37":{"type":"branch","line":149,"loc":{"start":{"line":149,"column":38},"end":{"line":149,"column":45}},"locations":[{"start":{"line":149,"column":38},"end":{"line":149,"column":45}}]},"38":{"type":"branch","line":149,"loc":{"start":{"line":149,"column":45},"end":{"line":149,"column":51}},"locations":[{"start":{"line":149,"column":45},"end":{"line":149,"column":51}}]},"39":{"type":"branch","line":108,"loc":{"start":{"line":108,"column":33},"end":{"line":108,"column":57}},"locations":[{"start":{"line":108,"column":33},"end":{"line":108,"column":57}}]},"40":{"type":"branch","line":109,"loc":{"start":{"line":109,"column":33},"end":{"line":109,"column":57}},"locations":[{"start":{"line":109,"column":33},"end":{"line":109,"column":57}}]},"41":{"type":"branch","line":110,"loc":{"start":{"line":110,"column":44},"end":{"line":110,"column":69}},"locations":[{"start":{"line":110,"column":44},"end":{"line":110,"column":69}}]},"42":{"type":"branch","line":111,"loc":{"start":{"line":111,"column":44},"end":{"line":111,"column":69}},"locations":[{"start":{"line":111,"column":44},"end":{"line":111,"column":69}}]},"43":{"type":"branch","line":113,"loc":{"start":{"line":113,"column":17},"end":{"line":123,"column":3}},"locations":[{"start":{"line":113,"column":17},"end":{"line":123,"column":3}}]},"44":{"type":"branch","line":115,"loc":{"start":{"line":115,"column":30},"end":{"line":119,"column":5}},"locations":[{"start":{"line":115,"column":30},"end":{"line":119,"column":5}}]},"45":{"type":"branch","line":119,"loc":{"start":{"line":119,"column":5},"end":{"line":121,"column":5}},"locations":[{"start":{"line":119,"column":5},"end":{"line":121,"column":5}}]},"46":{"type":"branch","line":119,"loc":{"start":{"line":119,"column":40},"end":{"line":121,"column":5}},"locations":[{"start":{"line":119,"column":40},"end":{"line":121,"column":5}}]},"47":{"type":"branch","line":124,"loc":{"start":{"line":124,"column":17},"end":{"line":132,"column":3}},"locations":[{"start":{"line":124,"column":17},"end":{"line":132,"column":3}}]},"48":{"type":"branch","line":126,"loc":{"start":{"line":126,"column":30},"end":{"line":131,"column":5}},"locations":[{"start":{"line":126,"column":30},"end":{"line":131,"column":5}}]},"49":{"type":"branch","line":154,"loc":{"start":{"line":154,"column":15},"end":{"line":173,"column":2}},"locations":[{"start":{"line":154,"column":15},"end":{"line":173,"column":2}}]},"50":{"type":"branch","line":158,"loc":{"start":{"line":158,"column":21},"end":{"line":170,"column":3}},"locations":[{"start":{"line":158,"column":21},"end":{"line":170,"column":3}}]},"51":{"type":"branch","line":161,"loc":{"start":{"line":161,"column":23},"end":{"line":161,"column":42}},"locations":[{"start":{"line":161,"column":23},"end":{"line":161,"column":42}}]},"52":{"type":"branch","line":161,"loc":{"start":{"line":161,"column":44},"end":{"line":167,"column":5}},"locations":[{"start":{"line":161,"column":44},"end":{"line":167,"column":5}}]},"53":{"type":"branch","line":167,"loc":{"start":{"line":167,"column":5},"end":{"line":169,"column":5}},"locations":[{"start":{"line":167,"column":5},"end":{"line":169,"column":5}}]},"54":{"type":"branch","line":168,"loc":{"start":{"line":168,"column":34},"end":{"line":168,"column":45}},"locations":[{"start":{"line":168,"column":34},"end":{"line":168,"column":45}}]},"55":{"type":"branch","line":168,"loc":{"start":{"line":168,"column":45},"end":{"line":168,"column":56}},"locations":[{"start":{"line":168,"column":45},"end":{"line":168,"column":56}}]}},"b":{"0":[1],"1":[4],"2":[144],"3":[348],"4":[340],"5":[120],"6":[228],"7":[1576],"8":[384],"9":[64],"10":[64],"11":[320],"12":[264],"13":[64],"14":[64],"15":[256],"16":[808],"17":[56],"18":[72],"19":[24],"20":[200],"21":[100],"22":[52],"23":[48],"24":[100],"25":[64],"26":[28],"27":[36],"28":[100],"29":[200],"30":[100],"31":[88],"32":[16],"33":[16],"34":[56],"35":[72],"36":[16],"37":[88],"38":[12],"39":[200],"40":[148],"41":[200],"42":[148],"43":[72],"44":[32],"45":[40],"46":[16],"47":[48],"48":[16],"49":[15],"50":[14],"51":[13],"52":[12],"53":[2],"54":[1],"55":[1]},"fnMap":{"0":{"name":"createEnum","decl":{"start":{"line":10,"column":20},"end":{"line":15,"column":2}},"loc":{"start":{"line":10,"column":20},"end":{"line":15,"column":2}},"line":10},"1":{"name":"genData","decl":{"start":{"line":22,"column":16},"end":{"line":35,"column":2}},"loc":{"start":{"line":22,"column":16},"end":{"line":35,"column":2}},"line":22},"2":{"name":"checkItem","decl":{"start":{"line":38,"column":19},"end":{"line":38,"column":88}},"loc":{"start":{"line":38,"column":19},"end":{"line":38,"column":88}},"line":38},"3":{"name":"selectData","decl":{"start":{"line":41,"column":19},"end":{"line":54,"column":2}},"loc":{"start":{"line":41,"column":19},"end":{"line":54,"column":2}},"line":41},"4":{"name":"setAllSubItems","decl":{"start":{"line":56,"column":23},"end":{"line":63,"column":2}},"loc":{"start":{"line":56,"column":23},"end":{"line":63,"column":2}},"line":56},"5":{"name":"getDiffArr","decl":{"start":{"line":65,"column":19},"end":{"line":71,"column":2}},"loc":{"start":{"line":65,"column":19},"end":{"line":71,"column":2}},"line":65},"6":{"name":"genDifferenceArray","decl":{"start":{"line":74,"column":27},"end":{"line":92,"column":2}},"loc":{"start":{"line":74,"column":27},"end":{"line":92,"column":2}},"line":74},"7":{"name":"genDifferenceString","decl":{"start":{"line":95,"column":28},"end":{"line":103,"column":2}},"loc":{"start":{"line":95,"column":28},"end":{"line":103,"column":2}},"line":95},"8":{"name":"genDifference","decl":{"start":{"line":107,"column":22},"end":{"line":152,"column":2}},"loc":{"start":{"line":107,"column":22},"end":{"line":152,"column":2}},"line":107},"9":{"name":"default","decl":{"start":{"line":154,"column":15},"end":{"line":173,"column":2}},"loc":{"start":{"line":154,"column":15},"end":{"line":173,"column":2}},"line":154}},"f":{"0":1,"1":144,"2":1576,"3":384,"4":56,"5":200,"6":100,"7":100,"8":100,"9":15}}
,"D:\\Users\\Papa\\frontend-project-46\\src\\parser.js": {"path":"D:\\Users\\Papa\\frontend-project-46\\src\\parser.js","all":false,"statementMap":{"0":{"start":{"line":1,"column":0},"end":{"line":1,"column":12}},"1":{"start":{"line":2,"column":0},"end":{"line":2,"column":25}},"2":{"start":{"line":3,"column":0},"end":{"line":3,"column":36}},"3":{"start":{"line":4,"column":0},"end":{"line":4,"column":42}},"4":{"start":{"line":5,"column":0},"end":{"line":5,"column":61}},"5":{"start":{"line":6,"column":0},"end":{"line":6,"column":27}},"6":{"start":{"line":7,"column":0},"end":{"line":7,"column":0}},"7":{"start":{"line":8,"column":0},"end":{"line":8,"column":50}},"8":{"start":{"line":9,"column":0},"end":{"line":9,"column":38}},"9":{"start":{"line":10,"column":0},"end":{"line":10,"column":0}},"10":{"start":{"line":11,"column":0},"end":{"line":11,"column":65}},"11":{"start":{"line":12,"column":0},"end":{"line":12,"column":0}},"12":{"start":{"line":13,"column":0},"end":{"line":13,"column":29}},"13":{"start":{"line":14,"column":0},"end":{"line":14,"column":29}},"14":{"start":{"line":15,"column":0},"end":{"line":15,"column":30}},"15":{"start":{"line":16,"column":0},"end":{"line":16,"column":3}},"16":{"start":{"line":17,"column":0},"end":{"line":17,"column":11}},"17":{"start":{"line":18,"column":0},"end":{"line":18,"column":2}},"18":{"start":{"line":19,"column":0},"end":{"line":19,"column":0}},"19":{"start":{"line":20,"column":0},"end":{"line":20,"column":16}},"20":{"start":{"line":21,"column":0},"end":{"line":21,"column":35}},"21":{"start":{"line":22,"column":0},"end":{"line":22,"column":33}},"22":{"start":{"line":23,"column":0},"end":{"line":23,"column":2}},"23":{"start":{"line":24,"column":0},"end":{"line":24,"column":0}},"24":{"start":{"line":25,"column":0},"end":{"line":25,"column":32}},"25":{"start":{"line":26,"column":0},"end":{"line":26,"column":17}},"26":{"start":{"line":27,"column":0},"end":{"line":27,"column":17}},"27":{"start":{"line":28,"column":0},"end":{"line":28,"column":17}},"28":{"start":{"line":29,"column":0},"end":{"line":29,"column":16}},"29":{"start":{"line":30,"column":0},"end":{"line":30,"column":31}},"30":{"start":{"line":31,"column":0},"end":{"line":31,"column":12}},"31":{"start":{"line":32,"column":0},"end":{"line":32,"column":15}},"32":{"start":{"line":33,"column":0},"end":{"line":33,"column":30}},"33":{"start":{"line":34,"column":0},"end":{"line":34,"column":12}},"34":{"start":{"line":35,"column":0},"end":{"line":35,"column":12}},"35":{"start":{"line":36,"column":0},"end":{"line":36,"column":12}},"36":{"start":{"line":37,"column":0},"end":{"line":37,"column":3}},"37":{"start":{"line":38,"column":0},"end":{"line":38,"column":19}},"38":{"start":{"line":39,"column":0},"end":{"line":39,"column":43}},"39":{"start":{"line":40,"column":0},"end":{"line":40,"column":19}},"40":{"start":{"line":41,"column":0},"end":{"line":41,"column":84}},"41":{"start":{"line":42,"column":0},"end":{"line":42,"column":19}},"42":{"start":{"line":43,"column":0},"end":{"line":43,"column":23}},"43":{"start":{"line":44,"column":0},"end":{"line":44,"column":12}},"44":{"start":{"line":45,"column":0},"end":{"line":45,"column":43}},"45":{"start":{"line":46,"column":0},"end":{"line":46,"column":5}},"46":{"start":{"line":47,"column":0},"end":{"line":47,"column":10}},"47":{"start":{"line":48,"column":0},"end":{"line":48,"column":55}},"48":{"start":{"line":49,"column":0},"end":{"line":49,"column":3}},"49":{"start":{"line":50,"column":0},"end":{"line":50,"column":13}},"50":{"start":{"line":51,"column":0},"end":{"line":51,"column":2}},"51":{"start":{"line":52,"column":0},"end":{"line":52,"column":0}},"52":{"start":{"line":53,"column":0},"end":{"line":53,"column":23}}},"s":{"0":1,"1":1,"2":1,"3":1,"4":1,"5":1,"6":1,"7":1,"8":1,"9":1,"10":1,"11":1,"12":1,"13":26,"14":25,"15":25,"16":1,"17":1,"18":1,"19":1,"20":1,"21":1,"22":1,"23":1,"24":1,"25":28,"26":28,"27":28,"28":28,"29":20,"30":20,"31":28,"32":6,"33":6,"34":28,"35":2,"36":28,"37":28,"38":26,"39":26,"40":25,"41":25,"42":25,"43":26,"44":1,"45":1,"46":28,"47":2,"48":2,"49":28,"50":28,"51":1,"52":1},"branchMap":{"0":{"type":"branch","line":11,"loc":{"start":{"line":11,"column":21},"end":{"line":11,"column":64}},"locations":[{"start":{"line":11,"column":21},"end":{"line":11,"column":64}}]},"1":{"type":"branch","line":13,"loc":{"start":{"line":13,"column":18},"end":{"line":18,"column":2}},"locations":[{"start":{"line":13,"column":18},"end":{"line":18,"column":2}}]},"2":{"type":"branch","line":14,"loc":{"start":{"line":14,"column":28},"end":{"line":16,"column":3}},"locations":[{"start":{"line":14,"column":28},"end":{"line":16,"column":3}}]},"3":{"type":"branch","line":16,"loc":{"start":{"line":16,"column":2},"end":{"line":18,"column":2}},"locations":[{"start":{"line":16,"column":2},"end":{"line":18,"column":2}}]},"4":{"type":"branch","line":21,"loc":{"start":{"line":21,"column":9},"end":{"line":21,"column":34}},"locations":[{"start":{"line":21,"column":9},"end":{"line":21,"column":34}}]},"5":{"type":"branch","line":22,"loc":{"start":{"line":22,"column":8},"end":{"line":22,"column":33}},"locations":[{"start":{"line":22,"column":8},"end":{"line":22,"column":33}}]},"6":{"type":"branch","line":25,"loc":{"start":{"line":25,"column":15},"end":{"line":51,"column":2}},"locations":[{"start":{"line":25,"column":15},"end":{"line":51,"column":2}}]},"7":{"type":"branch","line":29,"loc":{"start":{"line":29,"column":4},"end":{"line":31,"column":12}},"locations":[{"start":{"line":29,"column":4},"end":{"line":31,"column":12}}]},"8":{"type":"branch","line":32,"loc":{"start":{"line":32,"column":4},"end":{"line":34,"column":12}},"locations":[{"start":{"line":32,"column":4},"end":{"line":34,"column":12}}]},"9":{"type":"branch","line":35,"loc":{"start":{"line":35,"column":4},"end":{"line":36,"column":12}},"locations":[{"start":{"line":35,"column":4},"end":{"line":36,"column":12}}]},"10":{"type":"branch","line":38,"loc":{"start":{"line":38,"column":18},"end":{"line":47,"column":3}},"locations":[{"start":{"line":38,"column":18},"end":{"line":47,"column":3}}]},"11":{"type":"branch","line":40,"loc":{"start":{"line":40,"column":18},"end":{"line":44,"column":5}},"locations":[{"start":{"line":40,"column":18},"end":{"line":44,"column":5}}]},"12":{"type":"branch","line":44,"loc":{"start":{"line":44,"column":5},"end":{"line":46,"column":5}},"locations":[{"start":{"line":44,"column":5},"end":{"line":46,"column":5}}]},"13":{"type":"branch","line":47,"loc":{"start":{"line":47,"column":3},"end":{"line":49,"column":3}},"locations":[{"start":{"line":47,"column":3},"end":{"line":49,"column":3}}]}},"b":{"0":[36],"1":[26],"2":[25],"3":[1],"4":[19],"5":[6],"6":[28],"7":[20],"8":[6],"9":[2],"10":[26],"11":[25],"12":[1],"13":[2]},"fnMap":{"0":{"name":"getFilePath","decl":{"start":{"line":11,"column":21},"end":{"line":11,"column":64}},"loc":{"start":{"line":11,"column":21},"end":{"line":11,"column":64}},"line":11},"1":{"name":"openFile","decl":{"start":{"line":13,"column":18},"end":{"line":18,"column":2}},"loc":{"start":{"line":13,"column":18},"end":{"line":18,"column":2}},"line":13},"2":{"name":"json","decl":{"start":{"line":21,"column":9},"end":{"line":21,"column":34}},"loc":{"start":{"line":21,"column":9},"end":{"line":21,"column":34}},"line":21},"3":{"name":"yml","decl":{"start":{"line":22,"column":8},"end":{"line":22,"column":33}},"loc":{"start":{"line":22,"column":8},"end":{"line":22,"column":33}},"line":22},"4":{"name":"default","decl":{"start":{"line":25,"column":15},"end":{"line":51,"column":2}},"loc":{"start":{"line":25,"column":15},"end":{"line":51,"column":2}},"line":25}},"f":{"0":36,"1":26,"2":19,"3":6,"4":28}}
}
