TN:
SF:formatters\index.js
FN:9,plain
FN:10,stylish
FN:11,json
FN:14,format
FNF:4
FNH:4
FNDA:3,plain
FNDA:5,stylish
FNDA:5,json
FNDA:13,format
DA:1,1
DA:2,1
DA:3,1
DA:4,1
DA:5,1
DA:6,1
DA:7,1
DA:8,1
DA:9,1
DA:10,1
DA:11,1
DA:12,1
DA:13,1
DA:14,13
DA:15,13
DA:16,13
DA:17,3
DA:18,13
DA:19,4
DA:20,13
DA:21,5
DA:22,13
DA:23,1
DA:24,13
DA:25,13
DA:26,1
DA:27,1
LF:27
LH:27
BRDA:9,0,0,3
BRDA:10,1,0,5
BRDA:11,2,0,5
BRDA:14,3,0,13
BRDA:16,4,0,3
BRDA:18,5,0,4
BRDA:20,6,0,5
BRDA:22,7,0,1
BRF:8
BRH:8
end_of_record
TN:
SF:formatters\json.js
FN:7,replace
FN:14,default
FNF:2
FNH:2
FNDA:20,replace
FNDA:5,default
DA:1,1
DA:2,1
DA:3,1
DA:4,1
DA:5,1
DA:6,1
DA:7,1
DA:8,1
DA:9,1
DA:10,1
DA:11,1
DA:12,1
DA:13,1
DA:14,1
DA:15,5
DA:16,5
DA:17,5
DA:18,5
DA:19,5
DA:20,5
LF:20
LH:20
BRDA:7,0,0,20
BRDA:14,1,0,5
BRF:2
BRH:2
end_of_record
TN:
SF:formatters\plain.js
FN:12,whithoutQuotas
FN:14,setAdded
FN:22,getOut
FN:32,setUpdated
FN:34,getValue
FN:39,modifyValue
FN:41,findAnotherPropValue
FN:51,addPropValue
FN:92,getPropValues
FN:99,default
FNF:10
FNH:10
FNDA:107,whithoutQuotas
FNDA:46,setAdded
FNDA:104,getOut
FNDA:52,setUpdated
FNDA:338,getValue
FNDA:234,modifyValue
FNDA:234,findAnotherPropValue
FNDA:280,addPropValue
FNDA:46,getPropValues
FNDA:8,default
DA:1,1
DA:2,1
DA:3,1
DA:4,1
DA:5,1
DA:6,1
DA:7,1
DA:8,1
DA:9,1
DA:10,1
DA:11,1
DA:12,1
DA:13,1
DA:14,1
DA:15,46
DA:16,46
DA:17,16
DA:18,16
DA:19,46
DA:20,46
DA:21,1
DA:22,1
DA:23,104
DA:24,16
DA:25,16
DA:26,104
DA:27,11
DA:28,11
DA:29,104
DA:30,104
DA:31,1
DA:32,1
DA:33,1
DA:34,1
DA:35,338
DA:36,338
DA:37,338
DA:38,1
DA:39,1
DA:40,1
DA:41,1
DA:42,234
DA:43,234
DA:44,234
DA:45,130
DA:46,130
DA:47,104
DA:48,104
DA:49,104
DA:50,1
DA:51,1
DA:52,280
DA:53,46
DA:54,46
DA:55,234
DA:56,234
DA:57,280
DA:58,280
DA:59,280
DA:60,280
DA:61,280
DA:62,280
DA:63,280
DA:64,280
DA:65,46
DA:66,46
DA:67,280
DA:68,71
DA:69,19
DA:70,19
DA:71,52
DA:72,52
DA:73,52
DA:74,52
DA:75,52
DA:76,52
DA:77,52
DA:78,52
DA:79,280
DA:80,38
DA:81,38
DA:82,38
DA:83,38
DA:84,38
DA:85,38
DA:86,38
DA:87,38
DA:88,38
DA:89,79
DA:90,79
DA:91,1
DA:92,1
DA:93,46
DA:94,46
DA:95,46
DA:96,46
DA:97,46
DA:98,1
DA:99,1
DA:100,8
DA:101,8
DA:102,8
DA:103,8
DA:104,8
DA:105,8
LF:105
LH:105
BRDA:12,0,0,107
BRDA:12,1,0,71
BRDA:14,2,0,46
BRDA:16,3,0,16
BRDA:18,4,0,30
BRDA:19,5,0,14
BRDA:19,6,0,16
BRDA:22,7,0,104
BRDA:23,8,0,16
BRDA:25,9,0,88
BRDA:26,10,0,11
BRDA:28,11,0,77
BRDA:29,12,0,28
BRDA:29,13,0,49
BRDA:32,14,0,52
BRDA:34,15,0,338
BRDA:35,16,0,234
BRDA:35,17,0,104
BRDA:39,18,0,234
BRDA:39,19,0,73
BRDA:39,20,0,161
BRDA:41,21,0,234
BRDA:44,22,0,130
BRDA:46,23,0,104
BRDA:42,24,0,1164
BRDA:43,25,0,982
BRDA:51,26,0,280
BRDA:52,27,0,46
BRDA:54,28,0,234
BRDA:57,29,0,73
BRDA:57,30,0,161
BRDA:59,31,0,73
BRDA:59,32,0,161
BRDA:62,33,0,196
BRDA:62,34,0,38
BRDA:64,35,0,98
BRDA:64,36,0,46
BRDA:66,37,0,188
BRDA:67,38,0,71
BRDA:68,39,0,19
BRDA:70,40,0,52
BRDA:78,41,0,117
BRDA:79,42,0,65
BRDA:79,43,0,38
BRDA:88,44,0,79
BRDA:92,45,0,46
BRDA:94,46,0,19
BRDA:94,47,0,27
BRDA:99,48,0,8
BRF:49
BRH:49
end_of_record
TN:
SF:formatters\stylish.js
FN:8,getPropName
FN:16,skipInternalObjectProps
FN:29,getSorted
FN:42,getSortedObjKeys
FN:64,getObjValue
FN:77,sumKeys
FN:86,getAssemblyObject
FN:88,default
FNF:8
FNH:8
FNDA:1050,getPropName
FNDA:3484,skipInternalObjectProps
FNDA:1004,getSorted
FNDA:1004,getSortedObjKeys
FNDA:1004,getObjValue
FNDA:1048,sumKeys
FNDA:278,getAssemblyObject
FNDA:10,default
DA:1,1
DA:2,1
DA:3,1
DA:4,1
DA:5,1
DA:6,1
DA:7,1
DA:8,1
DA:9,1050
DA:10,1050
DA:11,1050
DA:12,1050
DA:13,1
DA:14,1
DA:15,1
DA:16,1
DA:17,3484
DA:18,1004
DA:19,1004
DA:20,3484
DA:21,454
DA:22,454
DA:23,3484
DA:24,454
DA:25,454
DA:26,1572
DA:27,1572
DA:28,1
DA:29,1
DA:30,1004
DA:31,3239
DA:32,671
DA:33,671
DA:34,671
DA:35,671
DA:36,2568
DA:37,2568
DA:38,1
DA:39,1
DA:40,1
DA:41,1
DA:42,1
DA:43,1004
DA:44,1004
DA:45,1004
DA:46,1004
DA:47,1004
DA:48,680
DA:49,680
DA:50,680
DA:51,680
DA:52,680
DA:53,680
DA:54,680
DA:55,680
DA:56,680
DA:57,680
DA:58,680
DA:59,680
DA:60,324
DA:61,324
DA:62,1
DA:63,1
DA:64,1
DA:65,1004
DA:66,1004
DA:67,1004
DA:68,1004
DA:69,268
DA:70,268
DA:71,268
DA:72,268
DA:73,268
DA:74,736
DA:75,736
DA:76,1
DA:77,1
DA:78,1048
DA:79,278
DA:80,278
DA:81,770
DA:82,770
DA:83,770
DA:84,1
DA:85,1
DA:86,1
DA:87,1
DA:88,1
DA:89,10
DA:90,10
DA:91,10
DA:92,10
DA:93,10
DA:94,10
DA:95,10
DA:96,10
DA:97,10
DA:98,10
DA:99,1
DA:100,1
LF:100
LH:100
BRDA:8,0,0,1050
BRDA:16,1,0,3484
BRDA:17,2,0,2008
BRDA:17,3,0,1004
BRDA:19,4,0,2480
BRDA:20,5,0,454
BRDA:22,6,0,2026
BRDA:23,7,0,1290
BRDA:23,8,0,454
BRDA:25,9,0,1572
BRDA:29,10,0,1004
BRDA:30,11,0,3239
BRDA:31,12,0,671
BRDA:32,13,0,26
BRDA:32,14,0,645
BRDA:33,15,0,645
BRDA:33,16,0,26
BRDA:35,17,0,2568
BRDA:42,18,0,1004
BRDA:47,19,0,680
BRDA:59,20,0,324
BRDA:64,21,0,1004
BRDA:68,22,0,268
BRDA:73,23,0,736
BRDA:77,24,0,1048
BRDA:78,25,0,278
BRDA:80,26,0,770
BRDA:86,27,0,278
BRDA:88,28,0,10
BRF:29
BRH:29
end_of_record
TN:
SF:src\gen-difference.js
FN:10,createEnum
FN:25,genData
FN:41,checkItem
FN:44,selectData
FN:60,setAllSubItems
FN:69,getDiffArr
FN:78,genDifferenceArray
FN:98,sumItems
FN:109,genDifferenceString
FN:116,genDifference
FN:162,default
FNF:11
FNH:11
FNDA:1,createEnum
FNDA:251,genData
FNDA:3202,checkItem
FNDA:828,selectData
FNDA:97,setAllSubItems
FNDA:348,getDiffArr
FNDA:174,genDifferenceArray
FNDA:532,sumItems
FNDA:174,genDifferenceString
FNDA:174,genDifference
FNDA:16,default
DA:1,1
DA:2,1
DA:3,1
DA:4,1
DA:5,1
DA:6,1
DA:7,1
DA:8,1
DA:9,1
DA:10,1
DA:11,1
DA:12,1
DA:13,1
DA:14,1
DA:15,1
DA:16,1
DA:17,1
DA:18,1
DA:19,1
DA:20,1
DA:21,1
DA:22,1
DA:23,1
DA:24,1
DA:25,1
DA:26,251
DA:27,251
DA:28,251
DA:29,628
DA:30,225
DA:31,225
DA:32,225
DA:33,628
DA:34,403
DA:35,403
DA:36,251
DA:37,251
DA:38,251
DA:39,1
DA:40,1
DA:41,1
DA:42,1
DA:43,1
DA:44,1
DA:45,828
DA:46,128
DA:47,128
DA:48,700
DA:49,700
DA:50,603
DA:51,603
DA:52,700
DA:53,828
DA:54,572
DA:55,572
DA:56,572
DA:57,128
DA:58,128
DA:59,1
DA:60,1
DA:61,97
DA:62,97
DA:63,39
DA:64,39
DA:65,39
DA:66,97
DA:67,97
DA:68,1
DA:69,1
DA:70,348
DA:71,348
DA:72,173
DA:73,348
DA:74,348
DA:75,348
DA:76,1
DA:77,1
DA:78,1
DA:79,174
DA:80,174
DA:81,174
DA:82,174
DA:83,174
DA:84,174
DA:85,174
DA:86,174
DA:87,174
DA:88,115
DA:89,45
DA:90,115
DA:91,70
DA:92,70
DA:93,70
DA:94,174
DA:95,174
DA:96,174
DA:97,1
DA:98,1
DA:99,532
DA:100,174
DA:101,174
DA:102,358
DA:103,532
DA:104,532
DA:105,532
DA:106,532
DA:107,1
DA:108,1
DA:109,1
DA:110,174
DA:111,174
DA:112,174
DA:113,1
DA:114,1
DA:115,1
DA:116,1
DA:117,174
DA:118,174
DA:119,174
DA:120,174
DA:121,174
DA:122,174
DA:123,174
DA:124,129
DA:125,129
DA:126,64
DA:127,64
DA:128,64
DA:129,129
DA:130,26
DA:131,26
DA:132,129
DA:133,174
DA:134,174
DA:135,96
DA:136,96
DA:137,32
DA:138,32
DA:139,32
DA:140,32
DA:141,32
DA:142,174
DA:143,174
DA:144,174
DA:145,174
DA:146,161
DA:147,161
DA:148,161
DA:149,161
DA:150,161
DA:151,161
DA:152,161
DA:153,161
DA:154,161
DA:155,161
DA:156,174
DA:157,174
DA:158,174
DA:159,174
DA:160,174
DA:161,1
DA:162,1
DA:163,16
DA:164,16
DA:165,16
DA:166,15
DA:167,15
DA:168,15
DA:169,13
DA:170,13
DA:171,13
DA:172,13
DA:173,13
DA:174,13
DA:175,15
DA:176,15
DA:177,1
DA:178,1
LF:178
LH:178
BRDA:10,0,0,1
BRDA:25,1,0,251
BRDA:28,2,0,628
BRDA:29,3,0,609
BRDA:29,4,0,225
BRDA:33,5,0,403
BRDA:41,6,0,3202
BRDA:44,7,0,828
BRDA:45,8,0,128
BRDA:45,9,0,128
BRDA:47,10,0,700
BRDA:53,11,0,572
BRDA:56,12,0,128
BRDA:48,13,0,1823
BRDA:49,14,0,603
BRDA:51,15,0,128
BRDA:60,16,0,97
BRDA:61,17,0,123
BRDA:62,18,0,39
BRDA:69,19,0,348
BRDA:71,20,0,173
BRDA:72,21,0,89
BRDA:72,22,0,84
BRDA:78,23,0,174
BRDA:87,24,0,115
BRDA:88,25,0,45
BRDA:90,26,0,70
BRDA:98,27,0,532
BRDA:99,28,0,174
BRDA:101,29,0,358
BRDA:103,30,0,26
BRDA:104,31,0,332
BRDA:109,32,0,174
BRDA:116,33,0,174
BRDA:145,34,0,161
BRDA:152,35,0,129
BRDA:152,36,0,32
BRDA:157,37,0,161
BRDA:157,38,0,13
BRDA:117,39,0,353
BRDA:118,40,0,275
BRDA:119,41,0,353
BRDA:120,42,0,275
BRDA:123,43,0,129
BRDA:125,44,0,64
BRDA:129,45,0,65
BRDA:129,46,0,26
BRDA:134,47,0,96
BRDA:136,48,0,32
BRDA:162,49,0,16
BRDA:165,50,0,15
BRDA:168,51,0,14
BRDA:168,52,0,13
BRDA:174,53,0,2
BRDA:175,54,0,1
BRDA:175,55,0,1
BRDA:176,56,0,1
BRF:57
BRH:57
end_of_record
TN:
SF:src\parser.js
FN:11,getFilePath
FN:12,getFixturePath
FN:14,openFile
FN:21,tryOpenFile
FN:35,json
FN:36,yml
FN:39,default
FNF:7
FNH:7
FNDA:11,getFilePath
FNDA:1,getFixturePath
FNDA:30,openFile
FNDA:28,tryOpenFile
FNDA:21,json
FNDA:6,yml
FNDA:30,default
DA:1,1
DA:2,1
DA:3,1
DA:4,1
DA:5,1
DA:6,1
DA:7,1
DA:8,1
DA:9,1
DA:10,1
DA:11,1
DA:12,1
DA:13,1
DA:14,1
DA:15,30
DA:16,27
DA:17,27
DA:18,3
DA:19,3
DA:20,1
DA:21,1
DA:22,28
DA:23,28
DA:24,1
DA:25,1
DA:26,1
DA:27,1
DA:28,1
DA:29,0
DA:30,0
DA:31,27
DA:32,27
DA:33,1
DA:34,1
DA:35,1
DA:36,1
DA:37,1
DA:38,1
DA:39,1
DA:40,30
DA:41,28
DA:42,28
DA:43,27
DA:44,27
DA:45,27
DA:46,27
DA:47,27
DA:48,27
DA:49,27
DA:50,1
DA:51,1
DA:52,1
DA:53,1
DA:54,1
DA:55,2
DA:56,2
DA:57,2
DA:58,2
DA:59,2
DA:60,1
DA:61,1
LF:61
LH:59
BRDA:11,0,0,11
BRDA:12,1,0,1
BRDA:14,2,0,30
BRDA:15,3,0,27
BRDA:17,4,0,3
BRDA:21,5,0,28
BRDA:23,6,0,1
BRDA:28,7,0,0
BRDA:30,8,0,27
BRDA:35,9,0,21
BRDA:36,10,0,6
BRDA:39,11,0,30
BRDA:40,12,0,28
BRDA:42,13,0,27
BRDA:49,14,0,1
BRDA:54,15,0,2
BRF:16
BRH:15
end_of_record
