TN:
SF:src\gen-difference.js
FN:12,(anonymous_0)
FN:14,(anonymous_1)
FN:22,(anonymous_2)
FN:23,(anonymous_3)
FN:25,(anonymous_4)
FN:33,(anonymous_5)
FN:36,(anonymous_6)
FN:43,(anonymous_7)
FN:50,(anonymous_8)
FN:69,(anonymous_9)
FNF:10
FNH:10
FNDA:4,(anonymous_0)
FNDA:1,(anonymous_1)
FNDA:2,(anonymous_2)
FNDA:1,(anonymous_3)
FNDA:2,(anonymous_4)
FNDA:6,(anonymous_5)
FNDA:6,(anonymous_6)
FNDA:4,(anonymous_7)
FNDA:4,(anonymous_8)
FNDA:2,(anonymous_9)
DA:7,1
DA:8,1
DA:10,1
DA:12,4
DA:14,1
DA:15,1
DA:16,1
DA:18,1
DA:20,1
DA:21,1
DA:22,2
DA:23,1
DA:24,1
DA:25,1
DA:26,2
DA:27,1
DA:29,1
DA:30,1
DA:33,6
DA:35,1
DA:36,1
DA:37,6
DA:39,1
DA:40,1
DA:43,1
DA:44,4
DA:45,2
DA:47,2
DA:50,1
DA:51,4
DA:52,4
DA:55,4
DA:56,3
DA:58,4
DA:59,4
DA:60,2
DA:61,2
DA:62,2
DA:64,2
DA:66,4
DA:70,2
DA:71,2
DA:72,2
DA:73,1
DA:75,1
LF:45
LH:45
BRDA:26,0,0,1
BRDA:26,0,1,1
BRDA:44,1,0,2
BRDA:44,1,1,2
BRDA:55,2,0,3
BRDA:55,2,1,1
BRDA:59,3,0,2
BRDA:59,3,1,2
BRDA:72,4,0,1
BRDA:72,4,1,1
BRDA:72,5,0,2
BRDA:72,5,1,1
BRDA:75,6,0,1
BRDA:75,6,1,0
BRF:14
BRH:13
end_of_record
